Using pre-set license
Built from '2020.2/staging' branch; Version is '2020.2.3f1 (8ff31bc5bf5b) revision 9433883'; Using compiler version '192528614'; Build Type 'Release'
OS: 'Windows 10 Pro; OS build 19044.1706; Version 2009; 64bit' Language: 'en' Physical Memory: 16328 MB
BatchMode: 1, IsHumanControllingUs: 0, StartBugReporterOnCrash: 0, Is64bit: 1, IsPro: 0

 COMMAND LINE ARGUMENTS:
C:\Program Files\Unity\Hub\Editor\2020.2.3f1\Editor\Unity.exe
-adb2
-batchMode
-noUpm
-name
AssetImportWorker0
-projectPath
F:/Stack
-logFile
Logs/AssetImportWorker0.log
-srvPort
50685
Successfully changed project path to: F:/Stack
F:/Stack
Using Asset Import Pipeline V2.
Refreshing native plugins compatible for Editor in 53.76 ms, found 0 plugins.
Preloading 0 native plugins for Editor in 0.00 ms.
Initialize engine version: 2020.2.3f1 (8ff31bc5bf5b)
[Subsystems] Discovering subsystems at path C:/Program Files/Unity/Hub/Editor/2020.2.3f1/Editor/Data/Resources/UnitySubsystems
[Subsystems] Discovering subsystems at path F:/Stack/Assets
GfxDevice: creating device client; threaded=0
Direct3D:
    Version:  Direct3D 11.0 [level 11.1]
    Renderer: NVIDIA GeForce GTX 1050 Ti (ID=0x1c82)
    Vendor:   
    VRAM:     4018 MB
    Driver:   30.0.15.1277
Shader 'Universal Render Pipeline/Particles/Lit': fallback shader 'Universal Render Pipeline/Particles/SimpleLit' not found
Initialize mono
Mono path[0] = 'C:/Program Files/Unity/Hub/Editor/2020.2.3f1/Editor/Data/Managed'
Mono path[1] = 'C:/Program Files/Unity/Hub/Editor/2020.2.3f1/Editor/Data/MonoBleedingEdge/lib/mono/unityjit'
Mono config path = 'C:/Program Files/Unity/Hub/Editor/2020.2.3f1/Editor/Data/MonoBleedingEdge/etc'
Using monoOptions --debugger-agent=transport=dt_socket,embedding=1,server=y,suspend=n,address=127.0.0.1:56428
Begin MonoManager ReloadAssembly
Registering precompiled unity dll's ...
Register platform support module: C:/Program Files/Unity/Hub/Editor/2020.2.3f1/Editor/Data/PlaybackEngines/WebGLSupport/UnityEditor.WebGL.Extensions.dll
Register platform support module: C:/Program Files/Unity/Hub/Editor/2020.2.3f1/Editor/Data/PlaybackEngines/WindowsStandaloneSupport/UnityEditor.WindowsStandalone.Extensions.dll
Registered in 0.001686 seconds.
Native extension for WindowsStandalone target not found
Native extension for WebGL target not found
Refreshing native plugins compatible for Editor in 49.87 ms, found 0 plugins.
Preloading 0 native plugins for Editor in 0.00 ms.
Invoked RoslynAnalysisRunner static constructor.
RoslynAnalysisRunner will not be running.
RoslynAnalysisRunner has terminated.
Mono: successfully reloaded assembly
- Completed reload, in  1.367 seconds
Platform modules already initialized, skipping
Registering precompiled user dll's ...
Registered in 0.001665 seconds.
Begin MonoManager ReloadAssembly
Native extension for WindowsStandalone target not found
Native extension for WebGL target not found
Refreshing native plugins compatible for Editor in 52.00 ms, found 0 plugins.
Preloading 0 native plugins for Editor in 0.00 ms.
Invoked RoslynAnalysisRunner static constructor.
RoslynAnalysisRunner will not be running.
RoslynAnalysisRunner has terminated.
Mono: successfully reloaded assembly
- Completed reload, in  0.663 seconds
Platform modules already initialized, skipping
========================================================================
Worker process is ready to serve import requests
Shader 'Universal Render Pipeline/Particles/Lit': fallback shader 'Universal Render Pipeline/Particles/SimpleLit' not found
Launched and connected shader compiler UnityShaderCompiler.exe after 0.03 seconds
Refreshing native plugins compatible for Editor in 0.81 ms, found 0 plugins.
Preloading 0 native plugins for Editor in 0.00 ms.
Unloading 2889 Unused Serialized files (Serialized files now loaded: 0)
System memory in use before: 206.9 MB.
System memory in use after: 207.1 MB.

Unloading 35 unused Assets to reduce memory usage. Loaded Objects now: 3329.
Total: 2.693500 ms (FindLiveObjects: 0.965200 ms CreateObjectMapping: 0.103200 ms MarkObjects: 1.544700 ms  DeleteObjects: 0.079300 ms)

========================================================================
Received Import Request.
  path: Assets/2D Halloween Decoration/Assets/Scene
  artifactKey: Guid(b29558f5a08969f4fb4620e804bc6d14) Importer(815301076,1909f56bfc062723c751e8b465ee728b)
Start importing Assets/2D Halloween Decoration/Assets/Scene using Guid(b29558f5a08969f4fb4620e804bc6d14) Importer(815301076,1909f56bfc062723c751e8b465ee728b)  -> (artifact id: '5cf380e3c71d12f35315615dcfc995c8') in 0.007894 seconds
  Import took 0.011301 seconds .

========================================================================
Received Prepare
Switching render pipeline 827786f52e9cdb54a8fc142f452fc309 -> 00000000000000000000000000000000
Shader 'Universal Render Pipeline/Particles/Lit': fallback shader 'Universal Render Pipeline/Particles/SimpleLit' not found
Refreshing native plugins compatible for Editor in 3.55 ms, found 0 plugins.
Preloading 0 native plugins for Editor in 0.00 ms.
Unloading 24 Unused Serialized files (Serialized files now loaded: 0)
System memory in use before: 144.0 MB.
System memory in use after: 144.2 MB.

Unloading 24 unused Assets to reduce memory usage. Loaded Objects now: 3329.
Total: 1.970100 ms (FindLiveObjects: 0.294700 ms CreateObjectMapping: 0.075900 ms MarkObjects: 1.583300 ms  DeleteObjects: 0.015400 ms)

========================================================================
Received Import Request.
  Time since last request: 14.943946 seconds.
  path: Assets/Group 1306 (1) 1.png
  artifactKey: Guid(239a095ed87d06848a522179655ffb2c) Importer(815301076,1909f56bfc062723c751e8b465ee728b)
Start importing Assets/Group 1306 (1) 1.png using Guid(239a095ed87d06848a522179655ffb2c) Importer(815301076,1909f56bfc062723c751e8b465ee728b)  -> (artifact id: 'a6f042f54e32e31a02aa882afb525c2f') in 0.120291 seconds
  Import took 0.125412 seconds .

========================================================================
Received Import Request.
  Time since last request: 45.951338 seconds.
  path: Assets/fountainanim.anim
  artifactKey: Guid(ce42be7e9cc99654ca087f6737c2320e) Importer(815301076,1909f56bfc062723c751e8b465ee728b)
Start importing Assets/fountainanim.anim using Guid(ce42be7e9cc99654ca087f6737c2320e) Importer(815301076,1909f56bfc062723c751e8b465ee728b)  -> (artifact id: '6a98628a3606badf5aea428a8c47f0bc') in 0.011113 seconds
  Import took 0.015374 seconds .

========================================================================
Received Import Request.
  Time since last request: 16.080372 seconds.
  path: Assets/OIP (87).png
  artifactKey: Guid(899e243c6972882489f3bf6c7261b444) Importer(815301076,1909f56bfc062723c751e8b465ee728b)
Start importing Assets/OIP (87).png using Guid(899e243c6972882489f3bf6c7261b444) Importer(815301076,1909f56bfc062723c751e8b465ee728b)  -> (artifact id: '963e068d54d38b487a1b8ae442ba20db') in 0.018919 seconds
  Import took 0.022968 seconds .

========================================================================
Received Import Request.
  Time since last request: 63.360260 seconds.
  path: Assets/carMoveSim.unity
  artifactKey: Guid(c0e7d47548e262441b1487293e368b20) Importer(815301076,1909f56bfc062723c751e8b465ee728b)
Start importing Assets/carMoveSim.unity using Guid(c0e7d47548e262441b1487293e368b20) Importer(815301076,1909f56bfc062723c751e8b465ee728b)  -> (artifact id: '9fa3f7a0a4713c527e0de5f79e4d4052') in 0.005790 seconds
  Import took 0.010054 seconds .

========================================================================
Received Import Request.
  Time since last request: 22.470753 seconds.
  path: Assets/ezgif_com-gif-maker (2)_0.controller
  artifactKey: Guid(9898ca69bd574d247bf5a245624b95d3) Importer(815301076,1909f56bfc062723c751e8b465ee728b)
Start importing Assets/ezgif_com-gif-maker (2)_0.controller using Guid(9898ca69bd574d247bf5a245624b95d3) Importer(815301076,1909f56bfc062723c751e8b465ee728b)  -> (artifact id: '43de256c9bd6e30ccb74326db383b938') in 0.006338 seconds
  Import took 0.010525 seconds .

========================================================================
Received Import Request.
  Time since last request: 14.596711 seconds.
  path: Assets/trainMove/LightingData.asset
  artifactKey: Guid(b24820ce770f2294487308e5439c8ebf) Importer(815301076,1909f56bfc062723c751e8b465ee728b)
Start importing Assets/trainMove/LightingData.asset using Guid(b24820ce770f2294487308e5439c8ebf) Importer(815301076,1909f56bfc062723c751e8b465ee728b)  -> (artifact id: '26c7703df188db0d1bcf83ef9f587f31') in 0.025170 seconds
  Import took 0.029407 seconds .

========================================================================
Received Import Request.
  Time since last request: 3.008409 seconds.
  path: Assets/spritesheet (1)_0.controller
  artifactKey: Guid(ea58e580d6e497d4ebee08221c1d76a8) Importer(815301076,1909f56bfc062723c751e8b465ee728b)
Start importing Assets/spritesheet (1)_0.controller using Guid(ea58e580d6e497d4ebee08221c1d76a8) Importer(815301076,1909f56bfc062723c751e8b465ee728b)  -> (artifact id: 'e18eda3ddfd2e5dcf2032177bd650068') in 0.005876 seconds
  Import took 0.010217 seconds .

========================================================================
Received Prepare
Registering precompiled user dll's ...
Registered in 0.001541 seconds.
Begin MonoManager ReloadAssembly
Native extension for WindowsStandalone target not found
Native extension for WebGL target not found
Refreshing native plugins compatible for Editor in 0.83 ms, found 0 plugins.
Preloading 0 native plugins for Editor in 0.00 ms.
Invoked RoslynAnalysisRunner static constructor.
RoslynAnalysisRunner will not be running.
RoslynAnalysisRunner has terminated.
Mono: successfully reloaded assembly
- Completed reload, in  0.608 seconds
Platform modules already initialized, skipping
Switching render pipeline 827786f52e9cdb54a8fc142f452fc309 -> 00000000000000000000000000000000
Shader 'Universal Render Pipeline/Particles/Lit': fallback shader 'Universal Render Pipeline/Particles/SimpleLit' not found
Refreshing native plugins compatible for Editor in 0.84 ms, found 0 plugins.
Preloading 0 native plugins for Editor in 0.00 ms.
Unloading 2737 Unused Serialized files (Serialized files now loaded: 0)
System memory in use before: 200.8 MB.
System memory in use after: 201.0 MB.

Unloading 26 unused Assets to reduce memory usage. Loaded Objects now: 3339.
Total: 2.136900 ms (FindLiveObjects: 0.223500 ms CreateObjectMapping: 0.091000 ms MarkObjects: 1.800900 ms  DeleteObjects: 0.020900 ms)

========================================================================
Received Import Request.
  Time since last request: 66.712896 seconds.
  path: Assets/JMO Assets/Cartoon FX/CFX2 Prefabs/Blood/CFX2_Blood.prefab
  artifactKey: Guid(bc98890f6028f444eaa7789bde5e2eeb) Importer(815301076,1909f56bfc062723c751e8b465ee728b)
Start importing Assets/JMO Assets/Cartoon FX/CFX2 Prefabs/Blood/CFX2_Blood.prefab using Guid(bc98890f6028f444eaa7789bde5e2eeb) Importer(815301076,1909f56bfc062723c751e8b465ee728b)  -> (artifact id: 'a13656b56944063073926854b1fc1513') in 0.029740 seconds
  Import took 0.034416 seconds .

========================================================================
Received Import Request.
  Time since last request: 0.000140 seconds.
  path: Assets/JMO Assets/Cartoon FX/Textures/CFX2_T_Decal_BloodPuddle_AB.tga
  artifactKey: Guid(4be0e8aa5e8747240af836ab4904c4a5) Importer(815301076,1909f56bfc062723c751e8b465ee728b)
Start importing Assets/JMO Assets/Cartoon FX/Textures/CFX2_T_Decal_BloodPuddle_AB.tga using Guid(4be0e8aa5e8747240af836ab4904c4a5) Importer(815301076,1909f56bfc062723c751e8b465ee728b)  -> (artifact id: 'bdd5a3e45e7dee87b2ea68d21d983c87') in 0.015533 seconds
  Import took 0.019564 seconds .

========================================================================
Received Import Request.
  Time since last request: 0.000121 seconds.
  path: Assets/JMO Assets/Cartoon FX/Textures/CFX2_T_Blood_AB.tga
  artifactKey: Guid(9c8240b5c6ffd404dadb82f7b6f2cbe6) Importer(815301076,1909f56bfc062723c751e8b465ee728b)
Start importing Assets/JMO Assets/Cartoon FX/Textures/CFX2_T_Blood_AB.tga using Guid(9c8240b5c6ffd404dadb82f7b6f2cbe6) Importer(815301076,1909f56bfc062723c751e8b465ee728b)  -> (artifact id: '00fa2df2e11451caa0d186088a82046b') in 0.009216 seconds
  Import took 0.013183 seconds .

========================================================================
Received Import Request.
  Time since last request: 3.564246 seconds.
  path: Assets/JMO Assets/Cartoon FX/Demo/UI Canvas/CFX Demo Btn Arrow.png
  artifactKey: Guid(6ca93523b0317c242b05932fedb07cb3) Importer(815301076,1909f56bfc062723c751e8b465ee728b)
Start importing Assets/JMO Assets/Cartoon FX/Demo/UI Canvas/CFX Demo Btn Arrow.png using Guid(6ca93523b0317c242b05932fedb07cb3) Importer(815301076,1909f56bfc062723c751e8b465ee728b)  -> (artifact id: 'e93615643b0c8d9c4ef2fc591afa3fa3') in 0.019231 seconds
  Import took 0.023508 seconds .

========================================================================
Received Import Request.
  Time since last request: 0.000139 seconds.
  path: Assets/JMO Assets/Cartoon FX/Demo/UI Canvas/CFX Demo Btn Ground H.png
  artifactKey: Guid(5cc9c4a6db9a74a40aaed761fc99294c) Importer(815301076,1909f56bfc062723c751e8b465ee728b)
Start importing Assets/JMO Assets/Cartoon FX/Demo/UI Canvas/CFX Demo Btn Ground H.png using Guid(5cc9c4a6db9a74a40aaed761fc99294c) Importer(815301076,1909f56bfc062723c751e8b465ee728b)  -> (artifact id: '0f9473cf782545e928db6e970d309a96') in 0.008636 seconds
  Import took 0.012034 seconds .

========================================================================
Received Import Request.
  Time since last request: 0.000132 seconds.
  path: Assets/JMO Assets/Cartoon FX/Textures/CFX2_T_WWSmoke Glow AB.tga
  artifactKey: Guid(cb1e9236f4c5c7d47b900b5f0026b10f) Importer(815301076,1909f56bfc062723c751e8b465ee728b)
Start importing Assets/JMO Assets/Cartoon FX/Textures/CFX2_T_WWSmoke Glow AB.tga using Guid(cb1e9236f4c5c7d47b900b5f0026b10f) Importer(815301076,1909f56bfc062723c751e8b465ee728b)  -> (artifact id: 'bbfd178294f137e1fb8cf3b2cab31839') in 0.005862 seconds
  Import took 0.008987 seconds .

========================================================================
Received Import Request.
  Time since last request: 0.000178 seconds.
  path: Assets/JMO Assets/Cartoon FX/Demo/UI Canvas/CFX1 Demo Logo.png
  artifactKey: Guid(f7c98b268308d794b8148d0c2914372d) Importer(815301076,1909f56bfc062723c751e8b465ee728b)
Start importing Assets/JMO Assets/Cartoon FX/Demo/UI Canvas/CFX1 Demo Logo.png using Guid(f7c98b268308d794b8148d0c2914372d) Importer(815301076,1909f56bfc062723c751e8b465ee728b)  -> (artifact id: 'd65b5b9ff826cd0eda72a2a0235b3186') in 0.012982 seconds
  Import took 0.017223 seconds .

========================================================================
Received Import Request.
  Time since last request: 0.000144 seconds.
  path: Assets/JMO Assets/Cartoon FX/CFX2 Prefabs/Pickup Items/CFX2_PickupDiamond2.prefab
  artifactKey: Guid(aa3fed151f536ee49b583c6a3ac4a2e1) Importer(815301076,1909f56bfc062723c751e8b465ee728b)
Start importing Assets/JMO Assets/Cartoon FX/CFX2 Prefabs/Pickup Items/CFX2_PickupDiamond2.prefab using Guid(aa3fed151f536ee49b583c6a3ac4a2e1) Importer(815301076,1909f56bfc062723c751e8b465ee728b)  -> (artifact id: '093a80b9d2b29b83ce134442bd406542') in 0.005085 seconds
  Import took 0.008529 seconds .

========================================================================
Received Import Request.
  Time since last request: 0.000176 seconds.
  path: Assets/JMO Assets/Cartoon FX/CFX3 Prefabs/Misc/CFX3_Hit_SmokePuff.prefab
  artifactKey: Guid(83cd9cc9f9c88824ba18dc59b05ae328) Importer(815301076,1909f56bfc062723c751e8b465ee728b)
Start importing Assets/JMO Assets/Cartoon FX/CFX3 Prefabs/Misc/CFX3_Hit_SmokePuff.prefab using Guid(83cd9cc9f9c88824ba18dc59b05ae328) Importer(815301076,1909f56bfc062723c751e8b465ee728b)  -> (artifact id: '6acd3656a6b7668a63224ea712b7e525') in 0.005303 seconds
  Import took 0.008525 seconds .

========================================================================
Received Import Request.
  Time since last request: 0.000132 seconds.
  path: Assets/JMO Assets/Cartoon FX/Demo/UI Canvas/CFX2 Demo Logo.png
  artifactKey: Guid(5bd23007d5e4e2b48ad7618f94328601) Importer(815301076,1909f56bfc062723c751e8b465ee728b)
Start importing Assets/JMO Assets/Cartoon FX/Demo/UI Canvas/CFX2 Demo Logo.png using Guid(5bd23007d5e4e2b48ad7618f94328601) Importer(815301076,1909f56bfc062723c751e8b465ee728b)  -> (artifact id: '2e73f9e65ef05281967ae1a91c6c799f') in 0.007724 seconds
  Import took 0.011265 seconds .

========================================================================
Received Import Request.
  Time since last request: 0.000133 seconds.
  path: Assets/JMO Assets/Cartoon FX/Textures/CFX2_T_WWInvSmoke2 AB.png
  artifactKey: Guid(d1df5e260d03bda4fb1f5e2b6c1e0989) Importer(815301076,1909f56bfc062723c751e8b465ee728b)
Start importing Assets/JMO Assets/Cartoon FX/Textures/CFX2_T_WWInvSmoke2 AB.png using Guid(d1df5e260d03bda4fb1f5e2b6c1e0989) Importer(815301076,1909f56bfc062723c751e8b465ee728b)  -> (artifact id: 'cf101bec47d92851879d8df58050a58b') in 0.010450 seconds
  Import took 0.014051 seconds .

========================================================================
Received Import Request.
  Time since last request: 0.000140 seconds.
  path: Assets/JMO Assets/Cartoon FX/Textures/CFX2_T_Diamond Outline.png
  artifactKey: Guid(ee95c6682c9bfc84184687afe06f0aaf) Importer(815301076,1909f56bfc062723c751e8b465ee728b)
Start importing Assets/JMO Assets/Cartoon FX/Textures/CFX2_T_Diamond Outline.png using Guid(ee95c6682c9bfc84184687afe06f0aaf) Importer(815301076,1909f56bfc062723c751e8b465ee728b)  -> (artifact id: 'de111933c521b01d1e56659b1c56b907') in 0.008347 seconds
  Import took 0.025238 seconds .

========================================================================
Received Import Request.
  Time since last request: 0.000155 seconds.
  path: Assets/JMO Assets/Cartoon FX/CFX Prefabs/Explosions/CFX_Explosion_B_Smoke+Text.prefab
  artifactKey: Guid(46876a2780737ec45a19d62f88e5ce56) Importer(815301076,1909f56bfc062723c751e8b465ee728b)
Start importing Assets/JMO Assets/Cartoon FX/CFX Prefabs/Explosions/CFX_Explosion_B_Smoke+Text.prefab using Guid(46876a2780737ec45a19d62f88e5ce56) Importer(815301076,1909f56bfc062723c751e8b465ee728b)  -> (artifact id: '31abbfa41b70e9ebafc3877b8407d921') in 0.006607 seconds
  Import took 0.010563 seconds .

========================================================================
Received Import Request.
  Time since last request: 0.000130 seconds.
  path: Assets/JMO Assets/Cartoon FX/Demo/UI Canvas/CFX Demo Btn Arrow R.png
  artifactKey: Guid(3783f195e2c8dc84cb1461fbe881e9cb) Importer(815301076,1909f56bfc062723c751e8b465ee728b)
Start importing Assets/JMO Assets/Cartoon FX/Demo/UI Canvas/CFX Demo Btn Arrow R.png using Guid(3783f195e2c8dc84cb1461fbe881e9cb) Importer(815301076,1909f56bfc062723c751e8b465ee728b)  -> (artifact id: 'd798570a1c838f3862387432b9362670') in 0.006673 seconds
  Import took 0.010213 seconds .

========================================================================
Received Import Request.
  Time since last request: 0.000130 seconds.
  path: Assets/JMO Assets/Cartoon FX/Demo/UI Canvas/CFX Demo Btn SlowMo H.png
  artifactKey: Guid(48624f05b683e4a4ab1a142e40fd6971) Importer(815301076,1909f56bfc062723c751e8b465ee728b)
Start importing Assets/JMO Assets/Cartoon FX/Demo/UI Canvas/CFX Demo Btn SlowMo H.png using Guid(48624f05b683e4a4ab1a142e40fd6971) Importer(815301076,1909f56bfc062723c751e8b465ee728b)  -> (artifact id: '2dc9d04eb5f5f9fec4ab874152ed5c80') in 0.009142 seconds
  Import took 0.012688 seconds .

========================================================================
Received Import Request.
  Time since last request: 0.000136 seconds.
  path: Assets/JMO Assets/Cartoon FX/Demo/UI Canvas/CFX Demo Btn Arrow R.png
  artifactKey: Guid(3783f195e2c8dc84cb1461fbe881e9cb) Importer(815301076,1909f56bfc062723c751e8b465ee728b)
Start importing Assets/JMO Assets/Cartoon FX/Demo/UI Canvas/CFX Demo Btn Arrow R.png using Guid(3783f195e2c8dc84cb1461fbe881e9cb) Importer(815301076,1909f56bfc062723c751e8b465ee728b)  -> (artifact id: 'd798570a1c838f3862387432b9362670') in 0.005354 seconds
  Import took 0.008770 seconds .

========================================================================
Received Import Request.
  Time since last request: 0.000119 seconds.
  path: Assets/JMO Assets/Cartoon FX/Textures/CFX3_T_SmokePuff.png
  artifactKey: Guid(aff991a95cb92204fa62dffc7e7b6ead) Importer(815301076,1909f56bfc062723c751e8b465ee728b)
Start importing Assets/JMO Assets/Cartoon FX/Textures/CFX3_T_SmokePuff.png using Guid(aff991a95cb92204fa62dffc7e7b6ead) Importer(815301076,1909f56bfc062723c751e8b465ee728b)  -> (artifact id: 'fa08a20dd2dd345d4d645cef628b7cc2') in 0.011935 seconds
  Import took 0.016490 seconds .

========================================================================
Received Import Request.
  Time since last request: 0.000195 seconds.
  path: Assets/JMO Assets/Cartoon FX/Demo/UI Canvas/CFX Demo Btn Arrow.png
  artifactKey: Guid(6ca93523b0317c242b05932fedb07cb3) Importer(815301076,1909f56bfc062723c751e8b465ee728b)
Start importing Assets/JMO Assets/Cartoon FX/Demo/UI Canvas/CFX Demo Btn Arrow.png using Guid(6ca93523b0317c242b05932fedb07cb3) Importer(815301076,1909f56bfc062723c751e8b465ee728b)  -> (artifact id: 'e93615643b0c8d9c4ef2fc591afa3fa3') in 0.005191 seconds
  Import took 0.009095 seconds .

========================================================================
Received Import Request.
  Time since last request: 0.000129 seconds.
  path: Assets/JMO Assets/Cartoon FX/Textures/CFX4_T_SmokePuff AB.png
  artifactKey: Guid(c6706155351f6f64cb72882fdc1ca251) Importer(815301076,1909f56bfc062723c751e8b465ee728b)
Start importing Assets/JMO Assets/Cartoon FX/Textures/CFX4_T_SmokePuff AB.png using Guid(c6706155351f6f64cb72882fdc1ca251) Importer(815301076,1909f56bfc062723c751e8b465ee728b)  -> (artifact id: 'a59b8e564609af78789d35223bc70dda') in 0.007283 seconds
  Import took 0.010694 seconds .

========================================================================
Received Import Request.
  Time since last request: 0.000153 seconds.
  path: Assets/JMO Assets/Cartoon FX/Textures/CFX2_T_WWInvSmoke ABP.png
  artifactKey: Guid(c4e3abfa6e9926248871f8c55bbbc57d) Importer(815301076,1909f56bfc062723c751e8b465ee728b)
Start importing Assets/JMO Assets/Cartoon FX/Textures/CFX2_T_WWInvSmoke ABP.png using Guid(c4e3abfa6e9926248871f8c55bbbc57d) Importer(815301076,1909f56bfc062723c751e8b465ee728b)  -> (artifact id: 'f61627aca8a526dfc9753843f51f9ae1') in 0.007814 seconds
  Import took 0.011194 seconds .

========================================================================
Received Import Request.
  Time since last request: 0.000124 seconds.
  path: Assets/JMO Assets/Cartoon FX/Demo/UI Canvas/CFX4 Demo Logo.png
  artifactKey: Guid(db8ec42c9f48282458fe93cfc5f48a18) Importer(815301076,1909f56bfc062723c751e8b465ee728b)
Start importing Assets/JMO Assets/Cartoon FX/Demo/UI Canvas/CFX4 Demo Logo.png using Guid(db8ec42c9f48282458fe93cfc5f48a18) Importer(815301076,1909f56bfc062723c751e8b465ee728b)  -> (artifact id: '6ad1a1d3104d602e7e8917f94a6b1fed') in 0.010901 seconds
  Import took 0.014617 seconds .

========================================================================
Received Import Request.
  Time since last request: 0.000163 seconds.
  path: Assets/JMO Assets/Cartoon FX/Demo/UI Canvas/CFX Demo Btn SlowMo.png
  artifactKey: Guid(5ec8fc5d939ea2244985ca77a114c9d0) Importer(815301076,1909f56bfc062723c751e8b465ee728b)
Start importing Assets/JMO Assets/Cartoon FX/Demo/UI Canvas/CFX Demo Btn SlowMo.png using Guid(5ec8fc5d939ea2244985ca77a114c9d0) Importer(815301076,1909f56bfc062723c751e8b465ee728b)  -> (artifact id: '1237f8e0339e2280d91855003fed559a') in 0.010678 seconds
  Import took 0.014209 seconds .

========================================================================
Received Import Request.
  Time since last request: 0.000167 seconds.
  path: Assets/JMO Assets/Cartoon FX/Textures/CFX2_T_Diamond.png
  artifactKey: Guid(b271b752f88ea45478b526f9a8b763b0) Importer(815301076,1909f56bfc062723c751e8b465ee728b)
Start importing Assets/JMO Assets/Cartoon FX/Textures/CFX2_T_Diamond.png using Guid(b271b752f88ea45478b526f9a8b763b0) Importer(815301076,1909f56bfc062723c751e8b465ee728b)  -> (artifact id: 'eff3319514b611c620679d4e8ff4a1fa') in 0.009193 seconds
  Import took 0.012764 seconds .

========================================================================
Received Import Request.
  Time since last request: 0.000131 seconds.
  path: Assets/JMO Assets/Cartoon FX/Demo/UI Canvas/CFXFree Demo Logo.png
  artifactKey: Guid(c474936d3f7aa204d8939cbe05170aa5) Importer(815301076,1909f56bfc062723c751e8b465ee728b)
Start importing Assets/JMO Assets/Cartoon FX/Demo/UI Canvas/CFXFree Demo Logo.png using Guid(c474936d3f7aa204d8939cbe05170aa5) Importer(815301076,1909f56bfc062723c751e8b465ee728b)  -> (artifact id: '765872eb91634c36e2f7c12edbb9b134') in 0.010941 seconds
  Import took 0.014220 seconds .

========================================================================
Received Import Request.
  Time since last request: 0.000125 seconds.
  path: Assets/JMO Assets/Cartoon FX/Demo/UI Canvas/CFX3 Demo Logo.png
  artifactKey: Guid(18a39eb748b6d664eb57f4b97b68bef3) Importer(815301076,1909f56bfc062723c751e8b465ee728b)
Start importing Assets/JMO Assets/Cartoon FX/Demo/UI Canvas/CFX3 Demo Logo.png using Guid(18a39eb748b6d664eb57f4b97b68bef3) Importer(815301076,1909f56bfc062723c751e8b465ee728b)  -> (artifact id: '918427b25b872450c74519917d62d5e5') in 0.009151 seconds
  Import took 0.012982 seconds .

========================================================================
Received Import Request.
  Time since last request: 0.000148 seconds.
  path: Assets/JMO Assets/Cartoon FX/Demo/UI Canvas/CFX Demo Btn Ground.png
  artifactKey: Guid(a2bcf923df54ffa4ba7e795955c5dc22) Importer(815301076,1909f56bfc062723c751e8b465ee728b)
Start importing Assets/JMO Assets/Cartoon FX/Demo/UI Canvas/CFX Demo Btn Ground.png using Guid(a2bcf923df54ffa4ba7e795955c5dc22) Importer(815301076,1909f56bfc062723c751e8b465ee728b)  -> (artifact id: 'e8055d5fc12d7f87610080d9a3cb19bb') in 0.011797 seconds
  Import took 0.015299 seconds .

========================================================================
Received Import Request.
  Time since last request: 0.010805 seconds.
  path: Assets/JMO Assets/Cartoon FX/Demo/UI Canvas/CFX Demo Btn Ground.png
  artifactKey: Guid(a2bcf923df54ffa4ba7e795955c5dc22) Importer(815301076,1909f56bfc062723c751e8b465ee728b)
Start importing Assets/JMO Assets/Cartoon FX/Demo/UI Canvas/CFX Demo Btn Ground.png using Guid(a2bcf923df54ffa4ba7e795955c5dc22) Importer(815301076,1909f56bfc062723c751e8b465ee728b)  -> (artifact id: 'e8055d5fc12d7f87610080d9a3cb19bb') in 0.008632 seconds
  Import took 0.012334 seconds .

========================================================================
Received Import Request.
  Time since last request: 97.347769 seconds.
  path: Assets/FinalSims/Monkey
  artifactKey: Guid(3780d1c8964d22941865c47ab9cb78a4) Importer(815301076,1909f56bfc062723c751e8b465ee728b)
Start importing Assets/FinalSims/Monkey using Guid(3780d1c8964d22941865c47ab9cb78a4) Importer(815301076,1909f56bfc062723c751e8b465ee728b)  -> (artifact id: '5894f133bba3f8695331d71c90d260cf') in 0.003896 seconds
  Import took 0.007787 seconds .

========================================================================
Received Import Request.
  Time since last request: 0.081764 seconds.
  path: Assets/FinalSims/Monkey/LightingData.asset
  artifactKey: Guid(3ed3f234a5b4e5b498d9841cb68f72ef) Importer(815301076,1909f56bfc062723c751e8b465ee728b)
Start importing Assets/FinalSims/Monkey/LightingData.asset using Guid(3ed3f234a5b4e5b498d9841cb68f72ef) Importer(815301076,1909f56bfc062723c751e8b465ee728b)  -> (artifact id: '3496a46ee41608d81aa1db5d77548889') in 0.001932 seconds
  Import took 0.005662 seconds .

========================================================================
Received Import Request.
  Time since last request: 8.982955 seconds.
  path: Assets/FinalSims/MENU.unity
  artifactKey: Guid(69d04311b918945458f6c6c8ad782f66) Importer(815301076,1909f56bfc062723c751e8b465ee728b)
Start importing Assets/FinalSims/MENU.unity using Guid(69d04311b918945458f6c6c8ad782f66) Importer(815301076,1909f56bfc062723c751e8b465ee728b)  -> (artifact id: 'd5e07228ec65caf809e79bd194f4129f') in 0.004260 seconds
  Import took 0.008235 seconds .

========================================================================
Received Prepare
Registering precompiled user dll's ...
Registered in 0.001713 seconds.
Begin MonoManager ReloadAssembly
Native extension for WindowsStandalone target not found
Native extension for WebGL target not found
Refreshing native plugins compatible for Editor in 0.88 ms, found 0 plugins.
Preloading 0 native plugins for Editor in 0.00 ms.
Invoked RoslynAnalysisRunner static constructor.
RoslynAnalysisRunner will not be running.
RoslynAnalysisRunner has terminated.
Mono: successfully reloaded assembly
- Completed reload, in  0.596 seconds
Platform modules already initialized, skipping
Switching render pipeline 827786f52e9cdb54a8fc142f452fc309 -> 00000000000000000000000000000000
Shader 'Universal Render Pipeline/Particles/Lit': fallback shader 'Universal Render Pipeline/Particles/SimpleLit' not found
Refreshing native plugins compatible for Editor in 0.86 ms, found 0 plugins.
Preloading 0 native plugins for Editor in 0.00 ms.
Unloading 2737 Unused Serialized files (Serialized files now loaded: 0)
System memory in use before: 200.9 MB.
System memory in use after: 201.1 MB.

Unloading 26 unused Assets to reduce memory usage. Loaded Objects now: 3348.
Total: 1.966500 ms (FindLiveObjects: 0.270500 ms CreateObjectMapping: 0.077800 ms MarkObjects: 1.601300 ms  DeleteObjects: 0.016100 ms)

AssetImportWorkerClient::OnTransportError - code=2 error=End of file
