Using pre-set license
Built from '2020.2/staging' branch; Version is '2020.2.3f1 (8ff31bc5bf5b) revision 9433883'; Using compiler version '192528614'; Build Type 'Release'
OS: 'Windows 10 Pro; OS build 19044.1706; Version 2009; 64bit' Language: 'en' Physical Memory: 16328 MB
BatchMode: 1, IsHumanControllingUs: 0, StartBugReporterOnCrash: 0, Is64bit: 1, IsPro: 0

 COMMAND LINE ARGUMENTS:
C:\Program Files\Unity\Hub\Editor\2020.2.3f1\Editor\Unity.exe
-adb2
-batchMode
-noUpm
-name
AssetImportWorker0
-projectPath
F:/Stack
-logFile
Logs/AssetImportWorker0.log
-srvPort
58981
Successfully changed project path to: F:/Stack
F:/Stack
Using Asset Import Pipeline V2.
Refreshing native plugins compatible for Editor in 94.36 ms, found 0 plugins.
Preloading 0 native plugins for Editor in 0.00 ms.
Initialize engine version: 2020.2.3f1 (8ff31bc5bf5b)
[Subsystems] Discovering subsystems at path C:/Program Files/Unity/Hub/Editor/2020.2.3f1/Editor/Data/Resources/UnitySubsystems
[Subsystems] Discovering subsystems at path F:/Stack/Assets
GfxDevice: creating device client; threaded=0
Direct3D:
    Version:  Direct3D 11.0 [level 11.1]
    Renderer: NVIDIA GeForce GTX 1050 Ti (ID=0x1c82)
    Vendor:   
    VRAM:     4018 MB
    Driver:   30.0.15.1295
Shader 'Universal Render Pipeline/Particles/Lit': fallback shader 'Universal Render Pipeline/Particles/SimpleLit' not found
Initialize mono
Mono path[0] = 'C:/Program Files/Unity/Hub/Editor/2020.2.3f1/Editor/Data/Managed'
Mono path[1] = 'C:/Program Files/Unity/Hub/Editor/2020.2.3f1/Editor/Data/MonoBleedingEdge/lib/mono/unityjit'
Mono config path = 'C:/Program Files/Unity/Hub/Editor/2020.2.3f1/Editor/Data/MonoBleedingEdge/etc'
Using monoOptions --debugger-agent=transport=dt_socket,embedding=1,server=y,suspend=n,address=127.0.0.1:56648
Begin MonoManager ReloadAssembly
Registering precompiled unity dll's ...
Register platform support module: C:/Program Files/Unity/Hub/Editor/2020.2.3f1/Editor/Data/PlaybackEngines/WebGLSupport/UnityEditor.WebGL.Extensions.dll
Register platform support module: C:/Program Files/Unity/Hub/Editor/2020.2.3f1/Editor/Data/PlaybackEngines/WindowsStandaloneSupport/UnityEditor.WindowsStandalone.Extensions.dll
Registered in 0.002020 seconds.
Native extension for WindowsStandalone target not found
Native extension for WebGL target not found
Refreshing native plugins compatible for Editor in 77.40 ms, found 0 plugins.
Preloading 0 native plugins for Editor in 0.00 ms.
Invoked RoslynAnalysisRunner static constructor.
RoslynAnalysisRunner will not be running.
RoslynAnalysisRunner has terminated.
Mono: successfully reloaded assembly
- Completed reload, in  1.857 seconds
Platform modules already initialized, skipping
Registering precompiled user dll's ...
Registered in 0.002243 seconds.
Begin MonoManager ReloadAssembly
Native extension for WindowsStandalone target not found
Native extension for WebGL target not found
Refreshing native plugins compatible for Editor in 86.90 ms, found 0 plugins.
Preloading 0 native plugins for Editor in 0.00 ms.
Invoked RoslynAnalysisRunner static constructor.
RoslynAnalysisRunner will not be running.
RoslynAnalysisRunner has terminated.
Mono: successfully reloaded assembly
- Completed reload, in  0.882 seconds
Platform modules already initialized, skipping
========================================================================
Worker process is ready to serve import requests
Shader 'Universal Render Pipeline/Particles/Lit': fallback shader 'Universal Render Pipeline/Particles/SimpleLit' not found
Launched and connected shader compiler UnityShaderCompiler.exe after 0.03 seconds
Refreshing native plugins compatible for Editor in 0.94 ms, found 0 plugins.
Preloading 0 native plugins for Editor in 0.00 ms.
Unloading 2842 Unused Serialized files (Serialized files now loaded: 0)
System memory in use before: 202.4 MB.
System memory in use after: 202.6 MB.

Unloading 35 unused Assets to reduce memory usage. Loaded Objects now: 3282.
Total: 3.428500 ms (FindLiveObjects: 0.625000 ms CreateObjectMapping: 0.213400 ms MarkObjects: 2.486500 ms  DeleteObjects: 0.102300 ms)

========================================================================
Received Import Request.
  path: Assets/RabbitAnims
  artifactKey: Guid(d5eff16bfdd5b0e409acb3d748ed60e8) Importer(815301076,1909f56bfc062723c751e8b465ee728b)
Start importing Assets/RabbitAnims using Guid(d5eff16bfdd5b0e409acb3d748ed60e8) Importer(815301076,1909f56bfc062723c751e8b465ee728b)  -> (artifact id: '9694596d5d44982cc4acb79516e98b80') in 0.011002 seconds
  Import took 0.015879 seconds .

========================================================================
Received Import Request.
  Time since last request: 111.695060 seconds.
  path: Assets/RabbitAnims/rabbitMove.anim
  artifactKey: Guid(2273d118c6b88e749a3d92d029e6d907) Importer(815301076,1909f56bfc062723c751e8b465ee728b)
Start importing Assets/RabbitAnims/rabbitMove.anim using Guid(2273d118c6b88e749a3d92d029e6d907) Importer(815301076,1909f56bfc062723c751e8b465ee728b)  -> (artifact id: '0ac3821eb2026fa8fb5e9d1a21ca9f24') in 0.035745 seconds
  Import took 0.042324 seconds .

========================================================================
Received Prepare
Registering precompiled user dll's ...
Registered in 0.001675 seconds.
Begin MonoManager ReloadAssembly
Native extension for WindowsStandalone target not found
Native extension for WebGL target not found
Refreshing native plugins compatible for Editor in 1.62 ms, found 0 plugins.
Preloading 0 native plugins for Editor in 0.00 ms.
Invoked RoslynAnalysisRunner static constructor.
RoslynAnalysisRunner will not be running.
RoslynAnalysisRunner has terminated.
Mono: successfully reloaded assembly
- Completed reload, in  0.860 seconds
Platform modules already initialized, skipping
Shader 'Universal Render Pipeline/Particles/Lit': fallback shader 'Universal Render Pipeline/Particles/SimpleLit' not found
Refreshing native plugins compatible for Editor in 0.96 ms, found 0 plugins.
Preloading 0 native plugins for Editor in 0.00 ms.
Unloading 2739 Unused Serialized files (Serialized files now loaded: 0)
System memory in use before: 194.7 MB.
System memory in use after: 195.0 MB.

Unloading 26 unused Assets to reduce memory usage. Loaded Objects now: 3284.
Total: 2.016000 ms (FindLiveObjects: 0.266000 ms CreateObjectMapping: 0.063500 ms MarkObjects: 1.667300 ms  DeleteObjects: 0.018300 ms)

========================================================================
Received Prepare
Registering precompiled user dll's ...
Registered in 0.001700 seconds.
Begin MonoManager ReloadAssembly
Native extension for WindowsStandalone target not found
Native extension for WebGL target not found
Refreshing native plugins compatible for Editor in 0.95 ms, found 0 plugins.
Preloading 0 native plugins for Editor in 0.00 ms.
Invoked RoslynAnalysisRunner static constructor.
RoslynAnalysisRunner will not be running.
RoslynAnalysisRunner has terminated.
Mono: successfully reloaded assembly
- Completed reload, in  0.836 seconds
Platform modules already initialized, skipping
Shader 'Universal Render Pipeline/Particles/Lit': fallback shader 'Universal Render Pipeline/Particles/SimpleLit' not found
Refreshing native plugins compatible for Editor in 0.92 ms, found 0 plugins.
Preloading 0 native plugins for Editor in 0.00 ms.
Unloading 2739 Unused Serialized files (Serialized files now loaded: 0)
System memory in use before: 194.8 MB.
System memory in use after: 195.0 MB.

Unloading 26 unused Assets to reduce memory usage. Loaded Objects now: 3286.
Total: 2.672100 ms (FindLiveObjects: 0.315700 ms CreateObjectMapping: 0.153300 ms MarkObjects: 2.179500 ms  DeleteObjects: 0.022600 ms)

========================================================================
Received Prepare
Registering precompiled user dll's ...
Registered in 0.002874 seconds.
Begin MonoManager ReloadAssembly
Native extension for WindowsStandalone target not found
Native extension for WebGL target not found
Refreshing native plugins compatible for Editor in 1.57 ms, found 0 plugins.
Preloading 0 native plugins for Editor in 0.00 ms.
Invoked RoslynAnalysisRunner static constructor.
RoslynAnalysisRunner will not be running.
RoslynAnalysisRunner has terminated.
Mono: successfully reloaded assembly
- Completed reload, in  0.875 seconds
Platform modules already initialized, skipping
Shader 'Universal Render Pipeline/Particles/Lit': fallback shader 'Universal Render Pipeline/Particles/SimpleLit' not found
Refreshing native plugins compatible for Editor in 0.92 ms, found 0 plugins.
Preloading 0 native plugins for Editor in 0.00 ms.
Unloading 2739 Unused Serialized files (Serialized files now loaded: 0)
System memory in use before: 194.8 MB.
System memory in use after: 195.0 MB.

Unloading 26 unused Assets to reduce memory usage. Loaded Objects now: 3288.
Total: 2.247500 ms (FindLiveObjects: 0.464900 ms CreateObjectMapping: 0.087300 ms MarkObjects: 1.676900 ms  DeleteObjects: 0.017400 ms)

========================================================================
Received Prepare
Registering precompiled user dll's ...
Registered in 0.003001 seconds.
Begin MonoManager ReloadAssembly
Native extension for WindowsStandalone target not found
Native extension for WebGL target not found
Refreshing native plugins compatible for Editor in 0.98 ms, found 0 plugins.
Preloading 0 native plugins for Editor in 0.00 ms.
Invoked RoslynAnalysisRunner static constructor.
RoslynAnalysisRunner will not be running.
RoslynAnalysisRunner has terminated.
Mono: successfully reloaded assembly
- Completed reload, in  0.741 seconds
Platform modules already initialized, skipping
Shader 'Universal Render Pipeline/Particles/Lit': fallback shader 'Universal Render Pipeline/Particles/SimpleLit' not found
Refreshing native plugins compatible for Editor in 0.92 ms, found 0 plugins.
Preloading 0 native plugins for Editor in 0.00 ms.
Unloading 2739 Unused Serialized files (Serialized files now loaded: 0)
System memory in use before: 194.8 MB.
System memory in use after: 195.1 MB.

Unloading 26 unused Assets to reduce memory usage. Loaded Objects now: 3290.
Total: 2.779300 ms (FindLiveObjects: 0.435100 ms CreateObjectMapping: 0.148700 ms MarkObjects: 2.174800 ms  DeleteObjects: 0.019800 ms)

========================================================================
Received Prepare
Registering precompiled user dll's ...
Registered in 0.003316 seconds.
Begin MonoManager ReloadAssembly
Native extension for WindowsStandalone target not found
Native extension for WebGL target not found
Refreshing native plugins compatible for Editor in 1.53 ms, found 0 plugins.
Preloading 0 native plugins for Editor in 0.00 ms.
Invoked RoslynAnalysisRunner static constructor.
RoslynAnalysisRunner will not be running.
RoslynAnalysisRunner has terminated.
Mono: successfully reloaded assembly
- Completed reload, in  0.878 seconds
Platform modules already initialized, skipping
Shader 'Universal Render Pipeline/Particles/Lit': fallback shader 'Universal Render Pipeline/Particles/SimpleLit' not found
Refreshing native plugins compatible for Editor in 0.87 ms, found 0 plugins.
Preloading 0 native plugins for Editor in 0.00 ms.
Unloading 2739 Unused Serialized files (Serialized files now loaded: 0)
System memory in use before: 194.8 MB.
System memory in use after: 195.1 MB.

Unloading 26 unused Assets to reduce memory usage. Loaded Objects now: 3292.
Total: 2.134400 ms (FindLiveObjects: 0.325500 ms CreateObjectMapping: 0.080500 ms MarkObjects: 1.710500 ms  DeleteObjects: 0.017100 ms)

========================================================================
Received Prepare
Registering precompiled user dll's ...
Registered in 0.001601 seconds.
Begin MonoManager ReloadAssembly
Native extension for WindowsStandalone target not found
Native extension for WebGL target not found
Refreshing native plugins compatible for Editor in 1.97 ms, found 0 plugins.
Preloading 0 native plugins for Editor in 0.00 ms.
Invoked RoslynAnalysisRunner static constructor.
RoslynAnalysisRunner will not be running.
RoslynAnalysisRunner has terminated.
Mono: successfully reloaded assembly
- Completed reload, in  0.841 seconds
Platform modules already initialized, skipping
Shader 'Universal Render Pipeline/Particles/Lit': fallback shader 'Universal Render Pipeline/Particles/SimpleLit' not found
Refreshing native plugins compatible for Editor in 0.90 ms, found 0 plugins.
Preloading 0 native plugins for Editor in 0.00 ms.
Unloading 2739 Unused Serialized files (Serialized files now loaded: 0)
System memory in use before: 194.9 MB.
System memory in use after: 195.1 MB.

Unloading 26 unused Assets to reduce memory usage. Loaded Objects now: 3294.
Total: 3.280500 ms (FindLiveObjects: 0.525900 ms CreateObjectMapping: 0.094700 ms MarkObjects: 2.632600 ms  DeleteObjects: 0.026300 ms)

========================================================================
Received Prepare
Registering precompiled user dll's ...
Registered in 0.002763 seconds.
Begin MonoManager ReloadAssembly
Native extension for WindowsStandalone target not found
Native extension for WebGL target not found
Refreshing native plugins compatible for Editor in 1.62 ms, found 0 plugins.
Preloading 0 native plugins for Editor in 0.00 ms.
Invoked RoslynAnalysisRunner static constructor.
RoslynAnalysisRunner will not be running.
RoslynAnalysisRunner has terminated.
Mono: successfully reloaded assembly
- Completed reload, in  0.821 seconds
Platform modules already initialized, skipping
Shader 'Universal Render Pipeline/Particles/Lit': fallback shader 'Universal Render Pipeline/Particles/SimpleLit' not found
Refreshing native plugins compatible for Editor in 0.88 ms, found 0 plugins.
Preloading 0 native plugins for Editor in 0.00 ms.
Unloading 2739 Unused Serialized files (Serialized files now loaded: 0)
System memory in use before: 194.9 MB.
System memory in use after: 195.1 MB.

Unloading 26 unused Assets to reduce memory usage. Loaded Objects now: 3296.
Total: 1.999200 ms (FindLiveObjects: 0.268900 ms CreateObjectMapping: 0.073500 ms MarkObjects: 1.632500 ms  DeleteObjects: 0.023600 ms)

========================================================================
Received Prepare
Registering precompiled user dll's ...
Registered in 0.003308 seconds.
Begin MonoManager ReloadAssembly
Native extension for WindowsStandalone target not found
Native extension for WebGL target not found
Refreshing native plugins compatible for Editor in 0.88 ms, found 0 plugins.
Preloading 0 native plugins for Editor in 0.00 ms.
Invoked RoslynAnalysisRunner static constructor.
RoslynAnalysisRunner will not be running.
RoslynAnalysisRunner has terminated.
Mono: successfully reloaded assembly
- Completed reload, in  0.742 seconds
Platform modules already initialized, skipping
Shader 'Universal Render Pipeline/Particles/Lit': fallback shader 'Universal Render Pipeline/Particles/SimpleLit' not found
Refreshing native plugins compatible for Editor in 0.91 ms, found 0 plugins.
Preloading 0 native plugins for Editor in 0.00 ms.
Unloading 2739 Unused Serialized files (Serialized files now loaded: 0)
System memory in use before: 194.9 MB.
System memory in use after: 195.1 MB.

Unloading 26 unused Assets to reduce memory usage. Loaded Objects now: 3298.
Total: 2.062900 ms (FindLiveObjects: 0.255100 ms CreateObjectMapping: 0.088800 ms MarkObjects: 1.698900 ms  DeleteObjects: 0.019200 ms)

========================================================================
Received Prepare
Registering precompiled user dll's ...
Registered in 0.002910 seconds.
Begin MonoManager ReloadAssembly
Native extension for WindowsStandalone target not found
Native extension for WebGL target not found
Refreshing native plugins compatible for Editor in 0.87 ms, found 0 plugins.
Preloading 0 native plugins for Editor in 0.00 ms.
Invoked RoslynAnalysisRunner static constructor.
RoslynAnalysisRunner will not be running.
RoslynAnalysisRunner has terminated.
Mono: successfully reloaded assembly
- Completed reload, in  0.764 seconds
Platform modules already initialized, skipping
Shader 'Universal Render Pipeline/Particles/Lit': fallback shader 'Universal Render Pipeline/Particles/SimpleLit' not found
Refreshing native plugins compatible for Editor in 1.23 ms, found 0 plugins.
Preloading 0 native plugins for Editor in 0.00 ms.
Unloading 2739 Unused Serialized files (Serialized files now loaded: 0)
System memory in use before: 194.9 MB.
System memory in use after: 195.1 MB.

Unloading 26 unused Assets to reduce memory usage. Loaded Objects now: 3300.
Total: 2.089900 ms (FindLiveObjects: 0.214600 ms CreateObjectMapping: 0.074300 ms MarkObjects: 1.782900 ms  DeleteObjects: 0.017300 ms)

========================================================================
Received Import Request.
  Time since last request: 5228.222057 seconds.
  path: Assets/RabbitAnims/rabbitscript.cs
  artifactKey: Guid(037969c90e279d3449f021d9f0b98a41) Importer(815301076,1909f56bfc062723c751e8b465ee728b)
Start importing Assets/RabbitAnims/rabbitscript.cs using Guid(037969c90e279d3449f021d9f0b98a41) Importer(815301076,1909f56bfc062723c751e8b465ee728b)  -> (artifact id: '11e9fd9b63a9c28a9461c08099fddc8d') in 0.015532 seconds
  Import took 0.033629 seconds .

========================================================================
Received Prepare
Registering precompiled user dll's ...
Registered in 0.002799 seconds.
Begin MonoManager ReloadAssembly
Native extension for WindowsStandalone target not found
Native extension for WebGL target not found
Refreshing native plugins compatible for Editor in 1.41 ms, found 0 plugins.
Preloading 0 native plugins for Editor in 0.00 ms.
Invoked RoslynAnalysisRunner static constructor.
RoslynAnalysisRunner will not be running.
RoslynAnalysisRunner has terminated.
Mono: successfully reloaded assembly
- Completed reload, in  0.852 seconds
Platform modules already initialized, skipping
Shader 'Universal Render Pipeline/Particles/Lit': fallback shader 'Universal Render Pipeline/Particles/SimpleLit' not found
Refreshing native plugins compatible for Editor in 3.65 ms, found 0 plugins.
Preloading 0 native plugins for Editor in 0.00 ms.
Unloading 2740 Unused Serialized files (Serialized files now loaded: 0)
System memory in use before: 194.9 MB.
System memory in use after: 195.1 MB.

Unloading 26 unused Assets to reduce memory usage. Loaded Objects now: 3303.
Total: 4.600000 ms (FindLiveObjects: 0.797700 ms CreateObjectMapping: 0.163700 ms MarkObjects: 3.601800 ms  DeleteObjects: 0.035600 ms)

========================================================================
Received Import Request.
  Time since last request: 20.889823 seconds.
  path: Assets/Horseanim.cs
  artifactKey: Guid(88ecafacbcfc7ef4b8e1e6917ce11ec5) Importer(815301076,1909f56bfc062723c751e8b465ee728b)
Start importing Assets/Horseanim.cs using Guid(88ecafacbcfc7ef4b8e1e6917ce11ec5) Importer(815301076,1909f56bfc062723c751e8b465ee728b)  -> (artifact id: '93ad83a9c17186f423063db69a10efbc') in 0.012844 seconds
  Import took 0.019052 seconds .

========================================================================
Received Import Request.
  Time since last request: 0.013152 seconds.
  path: Assets/Horseanim.cs
  artifactKey: Guid(88ecafacbcfc7ef4b8e1e6917ce11ec5) Importer(815301076,1909f56bfc062723c751e8b465ee728b)
Start importing Assets/Horseanim.cs using Guid(88ecafacbcfc7ef4b8e1e6917ce11ec5) Importer(815301076,1909f56bfc062723c751e8b465ee728b)  -> (artifact id: '93ad83a9c17186f423063db69a10efbc') in 0.003584 seconds
  Import took 0.008897 seconds .

========================================================================
Received Import Request.
  Time since last request: 39.380671 seconds.
  path: Assets/RabbitAnims/GameObject.controller
  artifactKey: Guid(9a8f321e732bee54c80ec90b479ea061) Importer(815301076,1909f56bfc062723c751e8b465ee728b)
Start importing Assets/RabbitAnims/GameObject.controller using Guid(9a8f321e732bee54c80ec90b479ea061) Importer(815301076,1909f56bfc062723c751e8b465ee728b)  -> (artifact id: '9ae35b114b49184c9f9019289aeb5e8a') in 0.013758 seconds
  Import took 0.018863 seconds .

========================================================================
Received Prepare
Registering precompiled user dll's ...
Registered in 0.002150 seconds.
Begin MonoManager ReloadAssembly
Native extension for WindowsStandalone target not found
Native extension for WebGL target not found
Refreshing native plugins compatible for Editor in 1.56 ms, found 0 plugins.
Preloading 0 native plugins for Editor in 0.00 ms.
Invoked RoslynAnalysisRunner static constructor.
RoslynAnalysisRunner will not be running.
RoslynAnalysisRunner has terminated.
Mono: successfully reloaded assembly
- Completed reload, in  0.806 seconds
Platform modules already initialized, skipping
Shader 'Universal Render Pipeline/Particles/Lit': fallback shader 'Universal Render Pipeline/Particles/SimpleLit' not found
Refreshing native plugins compatible for Editor in 0.85 ms, found 0 plugins.
Preloading 0 native plugins for Editor in 0.00 ms.
Unloading 2740 Unused Serialized files (Serialized files now loaded: 0)
System memory in use before: 194.9 MB.
System memory in use after: 195.1 MB.

Unloading 26 unused Assets to reduce memory usage. Loaded Objects now: 3305.
Total: 2.306000 ms (FindLiveObjects: 0.267500 ms CreateObjectMapping: 0.077500 ms MarkObjects: 1.941800 ms  DeleteObjects: 0.018300 ms)

========================================================================
Received Import Request.
  Time since last request: 252.769047 seconds.
  path: Assets/RabbitAnims/rabbitscript.cs
  artifactKey: Guid(037969c90e279d3449f021d9f0b98a41) Importer(815301076,1909f56bfc062723c751e8b465ee728b)
Start importing Assets/RabbitAnims/rabbitscript.cs using Guid(037969c90e279d3449f021d9f0b98a41) Importer(815301076,1909f56bfc062723c751e8b465ee728b)  -> (artifact id: 'fb2aee0ce5fe9d4c40867f50a5f0c6b0') in 0.004860 seconds
  Import took 0.008620 seconds .

========================================================================
Received Prepare
Registering precompiled user dll's ...
Registered in 0.002941 seconds.
Begin MonoManager ReloadAssembly
Native extension for WindowsStandalone target not found
Native extension for WebGL target not found
Refreshing native plugins compatible for Editor in 0.96 ms, found 0 plugins.
Preloading 0 native plugins for Editor in 0.00 ms.
Invoked RoslynAnalysisRunner static constructor.
RoslynAnalysisRunner will not be running.
RoslynAnalysisRunner has terminated.
Mono: successfully reloaded assembly
- Completed reload, in  0.804 seconds
Platform modules already initialized, skipping
Shader 'Universal Render Pipeline/Particles/Lit': fallback shader 'Universal Render Pipeline/Particles/SimpleLit' not found
Refreshing native plugins compatible for Editor in 0.95 ms, found 0 plugins.
Preloading 0 native plugins for Editor in 0.00 ms.
Unloading 2740 Unused Serialized files (Serialized files now loaded: 0)
System memory in use before: 194.9 MB.
System memory in use after: 195.2 MB.

Unloading 26 unused Assets to reduce memory usage. Loaded Objects now: 3307.
Total: 2.353100 ms (FindLiveObjects: 0.370100 ms CreateObjectMapping: 0.087100 ms MarkObjects: 1.875700 ms  DeleteObjects: 0.018800 ms)

========================================================================
Received Prepare
Registering precompiled user dll's ...
Registered in 0.002832 seconds.
Begin MonoManager ReloadAssembly
Native extension for WindowsStandalone target not found
Native extension for WebGL target not found
Refreshing native plugins compatible for Editor in 0.89 ms, found 0 plugins.
Preloading 0 native plugins for Editor in 0.00 ms.
Invoked RoslynAnalysisRunner static constructor.
RoslynAnalysisRunner will not be running.
RoslynAnalysisRunner has terminated.
Mono: successfully reloaded assembly
- Completed reload, in  0.778 seconds
Platform modules already initialized, skipping
Shader 'Universal Render Pipeline/Particles/Lit': fallback shader 'Universal Render Pipeline/Particles/SimpleLit' not found
Refreshing native plugins compatible for Editor in 0.93 ms, found 0 plugins.
Preloading 0 native plugins for Editor in 0.00 ms.
Unloading 2740 Unused Serialized files (Serialized files now loaded: 0)
System memory in use before: 194.9 MB.
System memory in use after: 195.2 MB.

Unloading 26 unused Assets to reduce memory usage. Loaded Objects now: 3309.
Total: 2.944400 ms (FindLiveObjects: 0.464800 ms CreateObjectMapping: 0.142500 ms MarkObjects: 2.308700 ms  DeleteObjects: 0.027300 ms)

========================================================================
Received Import Request.
  Time since last request: 184.861605 seconds.
  path: Assets/RabbitAnims/rabbitMove4.anim
  artifactKey: Guid(54d026d727129cc4b9968965ed0bcd32) Importer(815301076,1909f56bfc062723c751e8b465ee728b)
Start importing Assets/RabbitAnims/rabbitMove4.anim using Guid(54d026d727129cc4b9968965ed0bcd32) Importer(815301076,1909f56bfc062723c751e8b465ee728b)  -> (artifact id: 'b7c2e442adf23a2bcfc7db34fc8caca5') in 0.020660 seconds
  Import took 0.025718 seconds .

========================================================================
Received Import Request.
  Time since last request: 2.137112 seconds.
  path: Assets/RabbitAnims/rabbitMove3.anim
  artifactKey: Guid(80f79e960bed6e24a8845abf1d54de71) Importer(815301076,1909f56bfc062723c751e8b465ee728b)
Start importing Assets/RabbitAnims/rabbitMove3.anim using Guid(80f79e960bed6e24a8845abf1d54de71) Importer(815301076,1909f56bfc062723c751e8b465ee728b)  -> (artifact id: '05008b8f2f7b04aaf2e7a8c8859c63b2') in 0.009677 seconds
  Import took 0.017067 seconds .

========================================================================
Received Import Request.
  Time since last request: 1.717696 seconds.
  path: Assets/RabbitAnims/rabbitmove2.anim
  artifactKey: Guid(9a1e835c2fc7c4c439411fa54d02daf3) Importer(815301076,1909f56bfc062723c751e8b465ee728b)
Start importing Assets/RabbitAnims/rabbitmove2.anim using Guid(9a1e835c2fc7c4c439411fa54d02daf3) Importer(815301076,1909f56bfc062723c751e8b465ee728b)  -> (artifact id: 'd45a858dacc20ee70a2dad0341717514') in 0.008166 seconds
  Import took 0.014460 seconds .

========================================================================
Received Import Request.
  Time since last request: 1.940891 seconds.
  path: Assets/RabbitAnims/rabbitMove.anim
  artifactKey: Guid(2273d118c6b88e749a3d92d029e6d907) Importer(815301076,1909f56bfc062723c751e8b465ee728b)
Start importing Assets/RabbitAnims/rabbitMove.anim using Guid(2273d118c6b88e749a3d92d029e6d907) Importer(815301076,1909f56bfc062723c751e8b465ee728b)  -> (artifact id: 'e9c9c80a4f73f9f9b44b2a47d55fe7e8') in 0.006625 seconds
  Import took 0.011848 seconds .

========================================================================
Received Import Request.
  Time since last request: 1.652865 seconds.
  path: Assets/rabbitJump.anim
  artifactKey: Guid(4a6cb2f344e07794eae7cc71ab897858) Importer(815301076,1909f56bfc062723c751e8b465ee728b)
Start importing Assets/rabbitJump.anim using Guid(4a6cb2f344e07794eae7cc71ab897858) Importer(815301076,1909f56bfc062723c751e8b465ee728b)  -> (artifact id: 'a8329dac9501fe27f414f25622fd724d') in 0.007458 seconds
  Import took 0.013876 seconds .

========================================================================
Received Import Request.
  Time since last request: 0.000539 seconds.
  path: Assets/rabbitJump.anim
  artifactKey: Guid(4a6cb2f344e07794eae7cc71ab897858) Importer(815301076,1909f56bfc062723c751e8b465ee728b)
Start importing Assets/rabbitJump.anim using Guid(4a6cb2f344e07794eae7cc71ab897858) Importer(815301076,1909f56bfc062723c751e8b465ee728b)  -> (artifact id: 'a8329dac9501fe27f414f25622fd724d') in 0.004172 seconds
  Import took 0.009222 seconds .

========================================================================
Received Prepare
Registering precompiled user dll's ...
Registered in 0.001777 seconds.
Begin MonoManager ReloadAssembly
Native extension for WindowsStandalone target not found
Native extension for WebGL target not found
Refreshing native plugins compatible for Editor in 0.89 ms, found 0 plugins.
Preloading 0 native plugins for Editor in 0.00 ms.
Invoked RoslynAnalysisRunner static constructor.
RoslynAnalysisRunner will not be running.
RoslynAnalysisRunner has terminated.
Mono: successfully reloaded assembly
- Completed reload, in  0.890 seconds
Platform modules already initialized, skipping
Shader 'Universal Render Pipeline/Particles/Lit': fallback shader 'Universal Render Pipeline/Particles/SimpleLit' not found
Refreshing native plugins compatible for Editor in 1.13 ms, found 0 plugins.
Preloading 0 native plugins for Editor in 0.00 ms.
Unloading 2740 Unused Serialized files (Serialized files now loaded: 0)
System memory in use before: 194.9 MB.
System memory in use after: 195.2 MB.

Unloading 26 unused Assets to reduce memory usage. Loaded Objects now: 3311.
Total: 6.719500 ms (FindLiveObjects: 0.998000 ms CreateObjectMapping: 0.360300 ms MarkObjects: 5.311500 ms  DeleteObjects: 0.048000 ms)

========================================================================
Received Prepare
Registering precompiled user dll's ...
Registered in 0.002940 seconds.
Begin MonoManager ReloadAssembly
Native extension for WindowsStandalone target not found
Native extension for WebGL target not found
Refreshing native plugins compatible for Editor in 0.89 ms, found 0 plugins.
Preloading 0 native plugins for Editor in 0.00 ms.
Invoked RoslynAnalysisRunner static constructor.
RoslynAnalysisRunner will not be running.
RoslynAnalysisRunner has terminated.
Mono: successfully reloaded assembly
- Completed reload, in  0.815 seconds
Platform modules already initialized, skipping
Shader 'Universal Render Pipeline/Particles/Lit': fallback shader 'Universal Render Pipeline/Particles/SimpleLit' not found
Refreshing native plugins compatible for Editor in 1.57 ms, found 0 plugins.
Preloading 0 native plugins for Editor in 0.00 ms.
Unloading 2740 Unused Serialized files (Serialized files now loaded: 0)
System memory in use before: 194.9 MB.
System memory in use after: 195.2 MB.

Unloading 26 unused Assets to reduce memory usage. Loaded Objects now: 3313.
Total: 2.832700 ms (FindLiveObjects: 0.386200 ms CreateObjectMapping: 0.140400 ms MarkObjects: 2.285100 ms  DeleteObjects: 0.019700 ms)

========================================================================
Received Prepare
Registering precompiled user dll's ...
Registered in 0.001726 seconds.
Begin MonoManager ReloadAssembly
Native extension for WindowsStandalone target not found
Native extension for WebGL target not found
Refreshing native plugins compatible for Editor in 1.52 ms, found 0 plugins.
Preloading 0 native plugins for Editor in 0.00 ms.
Invoked RoslynAnalysisRunner static constructor.
RoslynAnalysisRunner will not be running.
RoslynAnalysisRunner has terminated.
Mono: successfully reloaded assembly
- Completed reload, in  0.885 seconds
Platform modules already initialized, skipping
Shader 'Universal Render Pipeline/Particles/Lit': fallback shader 'Universal Render Pipeline/Particles/SimpleLit' not found
Refreshing native plugins compatible for Editor in 0.90 ms, found 0 plugins.
Preloading 0 native plugins for Editor in 0.00 ms.
Unloading 2740 Unused Serialized files (Serialized files now loaded: 0)
System memory in use before: 195.0 MB.
System memory in use after: 195.2 MB.

Unloading 26 unused Assets to reduce memory usage. Loaded Objects now: 3315.
Total: 3.310400 ms (FindLiveObjects: 0.640800 ms CreateObjectMapping: 0.153000 ms MarkObjects: 2.488400 ms  DeleteObjects: 0.027300 ms)

========================================================================
Received Import Request.
  Time since last request: 207.961756 seconds.
  path: Assets/Food icons Pack/PNG/asparagus.png
  artifactKey: Guid(fc15fec5aea6a4e7c8d3af67916b7889) Importer(815301076,1909f56bfc062723c751e8b465ee728b)
Start importing Assets/Food icons Pack/PNG/asparagus.png using Guid(fc15fec5aea6a4e7c8d3af67916b7889) Importer(815301076,1909f56bfc062723c751e8b465ee728b)  -> (artifact id: 'ad2c915d111cf9431672ee7321c11b33') in 0.257119 seconds
  Import took 0.261928 seconds .

========================================================================
Received Import Request.
  Time since last request: 0.000144 seconds.
  path: Assets/JMO Assets/Cartoon FX/Textures/CFX2_T_FadedRay.png
  artifactKey: Guid(03825a665aa62554eb3e92e2ab6c4b12) Importer(815301076,1909f56bfc062723c751e8b465ee728b)
Start importing Assets/JMO Assets/Cartoon FX/Textures/CFX2_T_FadedRay.png using Guid(03825a665aa62554eb3e92e2ab6c4b12) Importer(815301076,1909f56bfc062723c751e8b465ee728b)  -> (artifact id: '2bb7cb18be0ba97c95a04d46ea700b53') in 0.097012 seconds
  Import took 0.101500 seconds .

========================================================================
Received Import Request.
  Time since last request: 0.000206 seconds.
  path: Assets/JMO Assets/Cartoon FX/Textures/CFX3_T_SmallRay.png
  artifactKey: Guid(0659a2faaee9f7442a45c7ec908dabcb) Importer(815301076,1909f56bfc062723c751e8b465ee728b)
Start importing Assets/JMO Assets/Cartoon FX/Textures/CFX3_T_SmallRay.png using Guid(0659a2faaee9f7442a45c7ec908dabcb) Importer(815301076,1909f56bfc062723c751e8b465ee728b)  -> (artifact id: '31e29ea8abd408c64bbbd254e87c6d4a') in 0.135207 seconds
  Import took 0.139918 seconds .

========================================================================
Received Import Request.
  Time since last request: 0.000138 seconds.
  path: Assets/JMO Assets/Cartoon FX/Textures/CFX3_T_AuraRays.png
  artifactKey: Guid(7bb9dadd2444bf3439822eed5645b2a0) Importer(815301076,1909f56bfc062723c751e8b465ee728b)
Start importing Assets/JMO Assets/Cartoon FX/Textures/CFX3_T_AuraRays.png using Guid(7bb9dadd2444bf3439822eed5645b2a0) Importer(815301076,1909f56bfc062723c751e8b465ee728b)  -> (artifact id: '73327391a35e1a8ecb9dd179e91e9ff4') in 0.072999 seconds
  Import took 0.077179 seconds .

========================================================================
Received Import Request.
  Time since last request: 0.000171 seconds.
  path: Assets/JMO Assets/Cartoon FX/CFX4 Prefabs/Misc/CFX4 Hit B (Orange).prefab
  artifactKey: Guid(e9391f622091e1449bdef4ef15af4948) Importer(815301076,1909f56bfc062723c751e8b465ee728b)
Start importing Assets/JMO Assets/Cartoon FX/CFX4 Prefabs/Misc/CFX4 Hit B (Orange).prefab using Guid(e9391f622091e1449bdef4ef15af4948) Importer(815301076,1909f56bfc062723c751e8b465ee728b)  -> (artifact id: '8fa216b6e9f1e7d0e0ebfcc32483888a') in 0.016636 seconds
  Import took 0.022238 seconds .

========================================================================
Received Import Request.
  Time since last request: 0.000194 seconds.
  path: Assets/JMO Assets/Cartoon FX/Textures/CFX_T_Ray.png
  artifactKey: Guid(2a23c90b6f28bf849a5ac28e2e9e6e41) Importer(815301076,1909f56bfc062723c751e8b465ee728b)
Start importing Assets/JMO Assets/Cartoon FX/Textures/CFX_T_Ray.png using Guid(2a23c90b6f28bf849a5ac28e2e9e6e41) Importer(815301076,1909f56bfc062723c751e8b465ee728b)  -> (artifact id: '8f2f4b3a496cd73960c1316e2f0bbb2d') in 0.052091 seconds
  Import took 0.058549 seconds .

========================================================================
Received Import Request.
  Time since last request: 0.000219 seconds.
  path: Assets/JMO Assets/Cartoon FX/Textures/CFX_T_RayRounded.png
  artifactKey: Guid(80afd895097ad144893ad78943aaf475) Importer(815301076,1909f56bfc062723c751e8b465ee728b)
Start importing Assets/JMO Assets/Cartoon FX/Textures/CFX_T_RayRounded.png using Guid(80afd895097ad144893ad78943aaf475) Importer(815301076,1909f56bfc062723c751e8b465ee728b)  -> (artifact id: 'a5b6f82995b5a6ad28e478e7cdaedb2f') in 0.054077 seconds
  Import took 0.060299 seconds .

========================================================================
Received Import Request.
  Time since last request: 0.000170 seconds.
  path: Assets/JMO Assets/Cartoon FX/Textures/CFX3_T_AuraRunic.png
  artifactKey: Guid(d14d0e475cccac4459575f61f2a79a70) Importer(815301076,1909f56bfc062723c751e8b465ee728b)
Start importing Assets/JMO Assets/Cartoon FX/Textures/CFX3_T_AuraRunic.png using Guid(d14d0e475cccac4459575f61f2a79a70) Importer(815301076,1909f56bfc062723c751e8b465ee728b)  -> (artifact id: '371dbb1e9eafec0a7cff78191db1a7fd') in 0.044254 seconds
  Import took 0.048554 seconds .

========================================================================
Received Import Request.
  Time since last request: 0.000160 seconds.
  path: Assets/JMO Assets/Cartoon FX/CFX3 Prefabs/Misc/CFX3_Hit_Misc_B_Gravity.prefab
  artifactKey: Guid(7d6835d9db898fa4bbfda5d62c496786) Importer(815301076,1909f56bfc062723c751e8b465ee728b)
Start importing Assets/JMO Assets/Cartoon FX/CFX3 Prefabs/Misc/CFX3_Hit_Misc_B_Gravity.prefab using Guid(7d6835d9db898fa4bbfda5d62c496786) Importer(815301076,1909f56bfc062723c751e8b465ee728b)  -> (artifact id: '7ec6fa9f3edc4e9f8f7882b3022a1fb4') in 0.006486 seconds
  Import took 0.010194 seconds .

========================================================================
Received Import Request.
  Time since last request: 0.000144 seconds.
  path: Assets/JMO Assets/Cartoon FX/CFX Prefabs/Hits/CFX_Hit_A Red+RandomText.prefab
  artifactKey: Guid(f95ff734540a0d749be6571b6cb5b37f) Importer(815301076,1909f56bfc062723c751e8b465ee728b)
Start importing Assets/JMO Assets/Cartoon FX/CFX Prefabs/Hits/CFX_Hit_A Red+RandomText.prefab using Guid(f95ff734540a0d749be6571b6cb5b37f) Importer(815301076,1909f56bfc062723c751e8b465ee728b)  -> (artifact id: 'f2cbcf9e3df5dbee9518ba7da2ecd4c2') in 0.014031 seconds
  Import took 0.031551 seconds .

========================================================================
Received Import Request.
  Time since last request: 2.884807 seconds.
  path: Assets/FinalSims/Rabbits.unity
  artifactKey: Guid(2f4a5fea748041c4d92e646b39d86631) Importer(815301076,1909f56bfc062723c751e8b465ee728b)
Start importing Assets/FinalSims/Rabbits.unity using Guid(2f4a5fea748041c4d92e646b39d86631) Importer(815301076,1909f56bfc062723c751e8b465ee728b)  -> (artifact id: '5e14a5592cc91a9ac03fe88147a24133') in 0.005277 seconds
  Import took 0.010131 seconds .

========================================================================
Received Import Request.
  Time since last request: 1.729915 seconds.
  path: Assets/rabbit.unity
  artifactKey: Guid(9eb1d9160996ecc4f9dc1ef9e15287cd) Importer(815301076,1909f56bfc062723c751e8b465ee728b)
Start importing Assets/rabbit.unity using Guid(9eb1d9160996ecc4f9dc1ef9e15287cd) Importer(815301076,1909f56bfc062723c751e8b465ee728b)  -> (artifact id: '0e519b9482ac9bffc1a3a9f3327981c2') in 0.005580 seconds
  Import took 0.011242 seconds .

========================================================================
Received Import Request.
  Time since last request: 0.000536 seconds.
  path: Assets/rabbit.unity
  artifactKey: Guid(9eb1d9160996ecc4f9dc1ef9e15287cd) Importer(815301076,1909f56bfc062723c751e8b465ee728b)
Start importing Assets/rabbit.unity using Guid(9eb1d9160996ecc4f9dc1ef9e15287cd) Importer(815301076,1909f56bfc062723c751e8b465ee728b)  -> (artifact id: '0e519b9482ac9bffc1a3a9f3327981c2') in 0.001831 seconds
  Import took 0.006075 seconds .

========================================================================
Received Import Request.
  Time since last request: 221.202245 seconds.
  path: Assets/Group 1368.controller
  artifactKey: Guid(84cdb1ad092d4854b812ecd02a25b37e) Importer(815301076,1909f56bfc062723c751e8b465ee728b)
Start importing Assets/Group 1368.controller using Guid(84cdb1ad092d4854b812ecd02a25b37e) Importer(815301076,1909f56bfc062723c751e8b465ee728b)  -> (artifact id: '9c1cdc967e053f753dc95f21de021a61') in 0.009432 seconds
  Import took 0.015253 seconds .

========================================================================
Received Import Request.
  Time since last request: 46.455332 seconds.
  path: Assets/Group 1368.controller
  artifactKey: Guid(84cdb1ad092d4854b812ecd02a25b37e) Importer(815301076,1909f56bfc062723c751e8b465ee728b)
Start importing Assets/Group 1368.controller using Guid(84cdb1ad092d4854b812ecd02a25b37e) Importer(815301076,1909f56bfc062723c751e8b465ee728b)  -> (artifact id: '90484af72770c70d30479a26445cd6ae') in 0.002364 seconds
  Import took 0.007897 seconds .

========================================================================
Received Prepare
Registering precompiled user dll's ...
Registered in 0.003156 seconds.
Begin MonoManager ReloadAssembly
Native extension for WindowsStandalone target not found
Native extension for WebGL target not found
Refreshing native plugins compatible for Editor in 0.86 ms, found 0 plugins.
Preloading 0 native plugins for Editor in 0.00 ms.
Invoked RoslynAnalysisRunner static constructor.
RoslynAnalysisRunner will not be running.
RoslynAnalysisRunner has terminated.
Mono: successfully reloaded assembly
- Completed reload, in  0.762 seconds
Platform modules already initialized, skipping
Shader 'Universal Render Pipeline/Particles/Lit': fallback shader 'Universal Render Pipeline/Particles/SimpleLit' not found
Refreshing native plugins compatible for Editor in 1.89 ms, found 0 plugins.
Preloading 0 native plugins for Editor in 0.00 ms.
Unloading 2740 Unused Serialized files (Serialized files now loaded: 0)
System memory in use before: 197.9 MB.
System memory in use after: 198.2 MB.

Unloading 26 unused Assets to reduce memory usage. Loaded Objects now: 3323.
Total: 3.436200 ms (FindLiveObjects: 0.472800 ms CreateObjectMapping: 0.101200 ms MarkObjects: 2.831100 ms  DeleteObjects: 0.029200 ms)

========================================================================
Received Prepare
Registering precompiled user dll's ...
Registered in 0.001613 seconds.
Begin MonoManager ReloadAssembly
Native extension for WindowsStandalone target not found
Native extension for WebGL target not found
Refreshing native plugins compatible for Editor in 1.49 ms, found 0 plugins.
Preloading 0 native plugins for Editor in 0.00 ms.
Invoked RoslynAnalysisRunner static constructor.
RoslynAnalysisRunner will not be running.
RoslynAnalysisRunner has terminated.
Mono: successfully reloaded assembly
- Completed reload, in  0.804 seconds
Platform modules already initialized, skipping
Shader 'Universal Render Pipeline/Particles/Lit': fallback shader 'Universal Render Pipeline/Particles/SimpleLit' not found
Refreshing native plugins compatible for Editor in 0.87 ms, found 0 plugins.
Preloading 0 native plugins for Editor in 0.00 ms.
Unloading 2740 Unused Serialized files (Serialized files now loaded: 0)
System memory in use before: 197.9 MB.
System memory in use after: 198.2 MB.

Unloading 26 unused Assets to reduce memory usage. Loaded Objects now: 3325.
Total: 1.989600 ms (FindLiveObjects: 0.275300 ms CreateObjectMapping: 0.063500 ms MarkObjects: 1.631800 ms  DeleteObjects: 0.018300 ms)

========================================================================
Received Import Request.
  Time since last request: 302.789766 seconds.
  path: Assets/rabbitJump.anim
  artifactKey: Guid(4a6cb2f344e07794eae7cc71ab897858) Importer(815301076,1909f56bfc062723c751e8b465ee728b)
Start importing Assets/rabbitJump.anim using Guid(4a6cb2f344e07794eae7cc71ab897858) Importer(815301076,1909f56bfc062723c751e8b465ee728b)  -> (artifact id: '0b902aef7694e1b6cc5b5c47451c341e') in 0.021703 seconds
  Import took 0.027894 seconds .

========================================================================
Received Import Request.
  Time since last request: 0.043480 seconds.
  path: Assets/rabbitJump.anim
  artifactKey: Guid(4a6cb2f344e07794eae7cc71ab897858) Importer(815301076,1909f56bfc062723c751e8b465ee728b)
Start importing Assets/rabbitJump.anim using Guid(4a6cb2f344e07794eae7cc71ab897858) Importer(815301076,1909f56bfc062723c751e8b465ee728b)  -> (artifact id: '0b902aef7694e1b6cc5b5c47451c341e') in 0.002086 seconds
  Import took 0.006769 seconds .

========================================================================
Received Prepare
Registering precompiled user dll's ...
Registered in 0.001854 seconds.
Begin MonoManager ReloadAssembly
Native extension for WindowsStandalone target not found
Native extension for WebGL target not found
Refreshing native plugins compatible for Editor in 0.87 ms, found 0 plugins.
Preloading 0 native plugins for Editor in 0.00 ms.
Invoked RoslynAnalysisRunner static constructor.
RoslynAnalysisRunner will not be running.
RoslynAnalysisRunner has terminated.
Mono: successfully reloaded assembly
- Completed reload, in  0.758 seconds
Platform modules already initialized, skipping
Shader 'Universal Render Pipeline/Particles/Lit': fallback shader 'Universal Render Pipeline/Particles/SimpleLit' not found
Refreshing native plugins compatible for Editor in 1.28 ms, found 0 plugins.
Preloading 0 native plugins for Editor in 0.00 ms.
Unloading 2740 Unused Serialized files (Serialized files now loaded: 0)
System memory in use before: 198.0 MB.
System memory in use after: 198.2 MB.

Unloading 26 unused Assets to reduce memory usage. Loaded Objects now: 3327.
Total: 2.790800 ms (FindLiveObjects: 0.409100 ms CreateObjectMapping: 0.148200 ms MarkObjects: 2.214400 ms  DeleteObjects: 0.018400 ms)

========================================================================
Received Prepare
Registering precompiled user dll's ...
Registered in 0.002940 seconds.
Begin MonoManager ReloadAssembly
Native extension for WindowsStandalone target not found
Native extension for WebGL target not found
Refreshing native plugins compatible for Editor in 1.08 ms, found 0 plugins.
Preloading 0 native plugins for Editor in 0.00 ms.
Invoked RoslynAnalysisRunner static constructor.
RoslynAnalysisRunner will not be running.
RoslynAnalysisRunner has terminated.
Mono: successfully reloaded assembly
- Completed reload, in  0.858 seconds
Platform modules already initialized, skipping
Shader 'Universal Render Pipeline/Particles/Lit': fallback shader 'Universal Render Pipeline/Particles/SimpleLit' not found
Refreshing native plugins compatible for Editor in 1.42 ms, found 0 plugins.
Preloading 0 native plugins for Editor in 0.00 ms.
Unloading 2740 Unused Serialized files (Serialized files now loaded: 0)
System memory in use before: 198.0 MB.
System memory in use after: 198.2 MB.

Unloading 26 unused Assets to reduce memory usage. Loaded Objects now: 3329.
Total: 2.785200 ms (FindLiveObjects: 0.339300 ms CreateObjectMapping: 0.147600 ms MarkObjects: 2.274100 ms  DeleteObjects: 0.022800 ms)

========================================================================
Received Import Request.
  Time since last request: 195.132134 seconds.
  path: Assets/FinalSims/Rabbits.unity
  artifactKey: Guid(2f4a5fea748041c4d92e646b39d86631) Importer(815301076,1909f56bfc062723c751e8b465ee728b)
Start importing Assets/FinalSims/Rabbits.unity using Guid(2f4a5fea748041c4d92e646b39d86631) Importer(815301076,1909f56bfc062723c751e8b465ee728b)  -> (artifact id: '9df7ab0d49d95c97c94d0a5838a16320') in 0.027326 seconds
  Import took 0.035339 seconds .

========================================================================
Received Prepare
Registering precompiled user dll's ...
Registered in 0.003089 seconds.
Begin MonoManager ReloadAssembly
Native extension for WindowsStandalone target not found
Native extension for WebGL target not found
Refreshing native plugins compatible for Editor in 0.97 ms, found 0 plugins.
Preloading 0 native plugins for Editor in 0.00 ms.
Invoked RoslynAnalysisRunner static constructor.
RoslynAnalysisRunner will not be running.
RoslynAnalysisRunner has terminated.
Mono: successfully reloaded assembly
- Completed reload, in  0.795 seconds
Platform modules already initialized, skipping
Shader 'Universal Render Pipeline/Particles/Lit': fallback shader 'Universal Render Pipeline/Particles/SimpleLit' not found
Refreshing native plugins compatible for Editor in 0.88 ms, found 0 plugins.
Preloading 0 native plugins for Editor in 0.00 ms.
Unloading 2740 Unused Serialized files (Serialized files now loaded: 0)
System memory in use before: 198.0 MB.
System memory in use after: 198.2 MB.

Unloading 26 unused Assets to reduce memory usage. Loaded Objects now: 3331.
Total: 2.126100 ms (FindLiveObjects: 0.375600 ms CreateObjectMapping: 0.086700 ms MarkObjects: 1.641000 ms  DeleteObjects: 0.022100 ms)

========================================================================
Received Prepare
Registering precompiled user dll's ...
Registered in 0.001837 seconds.
Begin MonoManager ReloadAssembly
Native extension for WindowsStandalone target not found
Native extension for WebGL target not found
Refreshing native plugins compatible for Editor in 1.20 ms, found 0 plugins.
Preloading 0 native plugins for Editor in 0.00 ms.
Invoked RoslynAnalysisRunner static constructor.
RoslynAnalysisRunner will not be running.
RoslynAnalysisRunner has terminated.
Mono: successfully reloaded assembly
- Completed reload, in  0.816 seconds
Platform modules already initialized, skipping
Shader 'Universal Render Pipeline/Particles/Lit': fallback shader 'Universal Render Pipeline/Particles/SimpleLit' not found
Refreshing native plugins compatible for Editor in 0.99 ms, found 0 plugins.
Preloading 0 native plugins for Editor in 0.00 ms.
Unloading 2740 Unused Serialized files (Serialized files now loaded: 0)
System memory in use before: 198.0 MB.
System memory in use after: 198.2 MB.

Unloading 26 unused Assets to reduce memory usage. Loaded Objects now: 3333.
Total: 2.233200 ms (FindLiveObjects: 0.391200 ms CreateObjectMapping: 0.081800 ms MarkObjects: 1.737800 ms  DeleteObjects: 0.021100 ms)

========================================================================
Received Prepare
Registering precompiled user dll's ...
Registered in 0.001887 seconds.
Begin MonoManager ReloadAssembly
Native extension for WindowsStandalone target not found
Native extension for WebGL target not found
Refreshing native plugins compatible for Editor in 1.82 ms, found 0 plugins.
Preloading 0 native plugins for Editor in 0.00 ms.
Invoked RoslynAnalysisRunner static constructor.
RoslynAnalysisRunner will not be running.
RoslynAnalysisRunner has terminated.
Mono: successfully reloaded assembly
- Completed reload, in  0.851 seconds
Platform modules already initialized, skipping
Shader 'Universal Render Pipeline/Particles/Lit': fallback shader 'Universal Render Pipeline/Particles/SimpleLit' not found
Refreshing native plugins compatible for Editor in 0.87 ms, found 0 plugins.
Preloading 0 native plugins for Editor in 0.00 ms.
Unloading 2740 Unused Serialized files (Serialized files now loaded: 0)
System memory in use before: 198.0 MB.
System memory in use after: 198.2 MB.

Unloading 26 unused Assets to reduce memory usage. Loaded Objects now: 3335.
Total: 2.606900 ms (FindLiveObjects: 0.530400 ms CreateObjectMapping: 0.242100 ms MarkObjects: 1.811900 ms  DeleteObjects: 0.021700 ms)

========================================================================
Received Prepare
Registering precompiled user dll's ...
Registered in 0.001602 seconds.
Begin MonoManager ReloadAssembly
Native extension for WindowsStandalone target not found
Native extension for WebGL target not found
Refreshing native plugins compatible for Editor in 0.90 ms, found 0 plugins.
Preloading 0 native plugins for Editor in 0.00 ms.
Invoked RoslynAnalysisRunner static constructor.
RoslynAnalysisRunner will not be running.
RoslynAnalysisRunner has terminated.
Mono: successfully reloaded assembly
- Completed reload, in  0.842 seconds
Platform modules already initialized, skipping
Shader 'Universal Render Pipeline/Particles/Lit': fallback shader 'Universal Render Pipeline/Particles/SimpleLit' not found
Refreshing native plugins compatible for Editor in 1.47 ms, found 0 plugins.
Preloading 0 native plugins for Editor in 0.00 ms.
Unloading 2740 Unused Serialized files (Serialized files now loaded: 0)
System memory in use before: 198.0 MB.
System memory in use after: 198.2 MB.

Unloading 26 unused Assets to reduce memory usage. Loaded Objects now: 3337.
Total: 3.029900 ms (FindLiveObjects: 0.422500 ms CreateObjectMapping: 0.118000 ms MarkObjects: 2.463000 ms  DeleteObjects: 0.025600 ms)

========================================================================
Received Prepare
Registering precompiled user dll's ...
Registered in 0.001786 seconds.
Begin MonoManager ReloadAssembly
Native extension for WindowsStandalone target not found
Native extension for WebGL target not found
Refreshing native plugins compatible for Editor in 1.56 ms, found 0 plugins.
Preloading 0 native plugins for Editor in 0.00 ms.
Invoked RoslynAnalysisRunner static constructor.
RoslynAnalysisRunner will not be running.
RoslynAnalysisRunner has terminated.
Mono: successfully reloaded assembly
- Completed reload, in  0.894 seconds
Platform modules already initialized, skipping
Shader 'Universal Render Pipeline/Particles/Lit': fallback shader 'Universal Render Pipeline/Particles/SimpleLit' not found
Refreshing native plugins compatible for Editor in 1.89 ms, found 0 plugins.
Preloading 0 native plugins for Editor in 0.00 ms.
Unloading 2740 Unused Serialized files (Serialized files now loaded: 0)
System memory in use before: 198.0 MB.
System memory in use after: 198.2 MB.

Unloading 26 unused Assets to reduce memory usage. Loaded Objects now: 3339.
Total: 3.621300 ms (FindLiveObjects: 0.521200 ms CreateObjectMapping: 0.221200 ms MarkObjects: 2.847100 ms  DeleteObjects: 0.030400 ms)

========================================================================
Received Prepare
Registering precompiled user dll's ...
Registered in 0.002135 seconds.
Begin MonoManager ReloadAssembly
Native extension for WindowsStandalone target not found
Native extension for WebGL target not found
Refreshing native plugins compatible for Editor in 1.58 ms, found 0 plugins.
Preloading 0 native plugins for Editor in 0.00 ms.
Invoked RoslynAnalysisRunner static constructor.
RoslynAnalysisRunner will not be running.
RoslynAnalysisRunner has terminated.
Mono: successfully reloaded assembly
- Completed reload, in  0.823 seconds
Platform modules already initialized, skipping
Shader 'Universal Render Pipeline/Particles/Lit': fallback shader 'Universal Render Pipeline/Particles/SimpleLit' not found
Refreshing native plugins compatible for Editor in 0.90 ms, found 0 plugins.
Preloading 0 native plugins for Editor in 0.00 ms.
Unloading 2740 Unused Serialized files (Serialized files now loaded: 0)
System memory in use before: 198.0 MB.
System memory in use after: 198.2 MB.

Unloading 26 unused Assets to reduce memory usage. Loaded Objects now: 3341.
Total: 2.466600 ms (FindLiveObjects: 0.401000 ms CreateObjectMapping: 0.164600 ms MarkObjects: 1.880800 ms  DeleteObjects: 0.019500 ms)

========================================================================
Received Prepare
Registering precompiled user dll's ...
Registered in 0.001958 seconds.
Begin MonoManager ReloadAssembly
Native extension for WindowsStandalone target not found
Native extension for WebGL target not found
Refreshing native plugins compatible for Editor in 1.50 ms, found 0 plugins.
Preloading 0 native plugins for Editor in 0.00 ms.
Invoked RoslynAnalysisRunner static constructor.
RoslynAnalysisRunner will not be running.
RoslynAnalysisRunner has terminated.
Mono: successfully reloaded assembly
- Completed reload, in  0.783 seconds
Platform modules already initialized, skipping
Shader 'Universal Render Pipeline/Particles/Lit': fallback shader 'Universal Render Pipeline/Particles/SimpleLit' not found
Refreshing native plugins compatible for Editor in 1.50 ms, found 0 plugins.
Preloading 0 native plugins for Editor in 0.00 ms.
Unloading 2740 Unused Serialized files (Serialized files now loaded: 0)
System memory in use before: 198.0 MB.
System memory in use after: 198.2 MB.

Unloading 26 unused Assets to reduce memory usage. Loaded Objects now: 3343.
Total: 3.090400 ms (FindLiveObjects: 0.323200 ms CreateObjectMapping: 0.075800 ms MarkObjects: 2.662100 ms  DeleteObjects: 0.028300 ms)

========================================================================
Received Prepare
Registering precompiled user dll's ...
Registered in 0.003570 seconds.
Begin MonoManager ReloadAssembly
Native extension for WindowsStandalone target not found
Native extension for WebGL target not found
Refreshing native plugins compatible for Editor in 0.92 ms, found 0 plugins.
Preloading 0 native plugins for Editor in 0.00 ms.
Invoked RoslynAnalysisRunner static constructor.
RoslynAnalysisRunner will not be running.
RoslynAnalysisRunner has terminated.
Mono: successfully reloaded assembly
- Completed reload, in  0.825 seconds
Platform modules already initialized, skipping
Shader 'Universal Render Pipeline/Particles/Lit': fallback shader 'Universal Render Pipeline/Particles/SimpleLit' not found
Refreshing native plugins compatible for Editor in 1.62 ms, found 0 plugins.
Preloading 0 native plugins for Editor in 0.00 ms.
Unloading 2740 Unused Serialized files (Serialized files now loaded: 0)
System memory in use before: 198.0 MB.
System memory in use after: 198.2 MB.

Unloading 26 unused Assets to reduce memory usage. Loaded Objects now: 3345.
Total: 2.876100 ms (FindLiveObjects: 0.403000 ms CreateObjectMapping: 0.092800 ms MarkObjects: 2.354100 ms  DeleteObjects: 0.024700 ms)

========================================================================
Received Prepare
Registering precompiled user dll's ...
Registered in 0.003433 seconds.
Begin MonoManager ReloadAssembly
Native extension for WindowsStandalone target not found
Native extension for WebGL target not found
Refreshing native plugins compatible for Editor in 1.02 ms, found 0 plugins.
Preloading 0 native plugins for Editor in 0.00 ms.
Invoked RoslynAnalysisRunner static constructor.
RoslynAnalysisRunner will not be running.
RoslynAnalysisRunner has terminated.
Mono: successfully reloaded assembly
- Completed reload, in  0.868 seconds
Platform modules already initialized, skipping
Shader 'Universal Render Pipeline/Particles/Lit': fallback shader 'Universal Render Pipeline/Particles/SimpleLit' not found
Refreshing native plugins compatible for Editor in 1.71 ms, found 0 plugins.
Preloading 0 native plugins for Editor in 0.00 ms.
Unloading 2740 Unused Serialized files (Serialized files now loaded: 0)
System memory in use before: 198.0 MB.
System memory in use after: 198.2 MB.

Unloading 26 unused Assets to reduce memory usage. Loaded Objects now: 3347.
Total: 2.820800 ms (FindLiveObjects: 0.500400 ms CreateObjectMapping: 0.100700 ms MarkObjects: 2.188600 ms  DeleteObjects: 0.029500 ms)

========================================================================
Received Prepare
Registering precompiled user dll's ...
Registered in 0.003406 seconds.
Begin MonoManager ReloadAssembly
Native extension for WindowsStandalone target not found
Native extension for WebGL target not found
Refreshing native plugins compatible for Editor in 1.04 ms, found 0 plugins.
Preloading 0 native plugins for Editor in 0.00 ms.
Invoked RoslynAnalysisRunner static constructor.
RoslynAnalysisRunner will not be running.
RoslynAnalysisRunner has terminated.
Mono: successfully reloaded assembly
- Completed reload, in  0.807 seconds
Platform modules already initialized, skipping
Shader 'Universal Render Pipeline/Particles/Lit': fallback shader 'Universal Render Pipeline/Particles/SimpleLit' not found
Refreshing native plugins compatible for Editor in 0.93 ms, found 0 plugins.
Preloading 0 native plugins for Editor in 0.00 ms.
Unloading 2740 Unused Serialized files (Serialized files now loaded: 0)
System memory in use before: 198.0 MB.
System memory in use after: 198.3 MB.

Unloading 26 unused Assets to reduce memory usage. Loaded Objects now: 3349.
Total: 2.118600 ms (FindLiveObjects: 0.260500 ms CreateObjectMapping: 0.064700 ms MarkObjects: 1.774300 ms  DeleteObjects: 0.017800 ms)

========================================================================
Received Prepare
Registering precompiled user dll's ...
Registered in 0.002012 seconds.
Begin MonoManager ReloadAssembly
Native extension for WindowsStandalone target not found
Native extension for WebGL target not found
Refreshing native plugins compatible for Editor in 2.01 ms, found 0 plugins.
Preloading 0 native plugins for Editor in 0.00 ms.
Invoked RoslynAnalysisRunner static constructor.
RoslynAnalysisRunner will not be running.
RoslynAnalysisRunner has terminated.
Mono: successfully reloaded assembly
- Completed reload, in  0.937 seconds
Platform modules already initialized, skipping
Shader 'Universal Render Pipeline/Particles/Lit': fallback shader 'Universal Render Pipeline/Particles/SimpleLit' not found
Refreshing native plugins compatible for Editor in 1.42 ms, found 0 plugins.
Preloading 0 native plugins for Editor in 0.00 ms.
Unloading 2740 Unused Serialized files (Serialized files now loaded: 0)
System memory in use before: 198.0 MB.
System memory in use after: 198.3 MB.

Unloading 26 unused Assets to reduce memory usage. Loaded Objects now: 3351.
Total: 4.252000 ms (FindLiveObjects: 0.732000 ms CreateObjectMapping: 0.321400 ms MarkObjects: 3.161200 ms  DeleteObjects: 0.034700 ms)

========================================================================
Received Prepare
Registering precompiled user dll's ...
Registered in 0.001661 seconds.
Begin MonoManager ReloadAssembly
Native extension for WindowsStandalone target not found
Native extension for WebGL target not found
Refreshing native plugins compatible for Editor in 1.84 ms, found 0 plugins.
Preloading 0 native plugins for Editor in 0.00 ms.
Invoked RoslynAnalysisRunner static constructor.
RoslynAnalysisRunner will not be running.
RoslynAnalysisRunner has terminated.
Mono: successfully reloaded assembly
- Completed reload, in  0.863 seconds
Platform modules already initialized, skipping
Shader 'Universal Render Pipeline/Particles/Lit': fallback shader 'Universal Render Pipeline/Particles/SimpleLit' not found
Refreshing native plugins compatible for Editor in 1.07 ms, found 0 plugins.
Preloading 0 native plugins for Editor in 0.00 ms.
Unloading 2740 Unused Serialized files (Serialized files now loaded: 0)
System memory in use before: 198.0 MB.
System memory in use after: 198.3 MB.

Unloading 26 unused Assets to reduce memory usage. Loaded Objects now: 3353.
Total: 3.426400 ms (FindLiveObjects: 0.699700 ms CreateObjectMapping: 0.118200 ms MarkObjects: 2.585000 ms  DeleteObjects: 0.022200 ms)

========================================================================
Received Prepare
Registering precompiled user dll's ...
Registered in 0.002366 seconds.
Begin MonoManager ReloadAssembly
Native extension for WindowsStandalone target not found
Native extension for WebGL target not found
Refreshing native plugins compatible for Editor in 1.60 ms, found 0 plugins.
Preloading 0 native plugins for Editor in 0.00 ms.
Invoked RoslynAnalysisRunner static constructor.
RoslynAnalysisRunner will not be running.
RoslynAnalysisRunner has terminated.
Mono: successfully reloaded assembly
- Completed reload, in  0.939 seconds
Platform modules already initialized, skipping
Shader 'Universal Render Pipeline/Particles/Lit': fallback shader 'Universal Render Pipeline/Particles/SimpleLit' not found
Refreshing native plugins compatible for Editor in 1.07 ms, found 0 plugins.
Preloading 0 native plugins for Editor in 0.00 ms.
Unloading 2740 Unused Serialized files (Serialized files now loaded: 0)
System memory in use before: 198.0 MB.
System memory in use after: 198.3 MB.

Unloading 26 unused Assets to reduce memory usage. Loaded Objects now: 3355.
Total: 4.700500 ms (FindLiveObjects: 0.641400 ms CreateObjectMapping: 0.296100 ms MarkObjects: 3.722900 ms  DeleteObjects: 0.038700 ms)

========================================================================
Received Prepare
Registering precompiled user dll's ...
Registered in 0.001954 seconds.
Begin MonoManager ReloadAssembly
Native extension for WindowsStandalone target not found
Native extension for WebGL target not found
Refreshing native plugins compatible for Editor in 1.76 ms, found 0 plugins.
Preloading 0 native plugins for Editor in 0.00 ms.
Invoked RoslynAnalysisRunner static constructor.
RoslynAnalysisRunner will not be running.
RoslynAnalysisRunner has terminated.
Mono: successfully reloaded assembly
- Completed reload, in  0.981 seconds
Platform modules already initialized, skipping
Shader 'Universal Render Pipeline/Particles/Lit': fallback shader 'Universal Render Pipeline/Particles/SimpleLit' not found
Refreshing native plugins compatible for Editor in 1.36 ms, found 0 plugins.
Preloading 0 native plugins for Editor in 0.00 ms.
Unloading 2740 Unused Serialized files (Serialized files now loaded: 0)
System memory in use before: 198.0 MB.
System memory in use after: 198.3 MB.

Unloading 26 unused Assets to reduce memory usage. Loaded Objects now: 3357.
Total: 4.170000 ms (FindLiveObjects: 0.681600 ms CreateObjectMapping: 0.271600 ms MarkObjects: 3.183800 ms  DeleteObjects: 0.031800 ms)

========================================================================
Received Prepare
Registering precompiled user dll's ...
Registered in 0.001785 seconds.
Begin MonoManager ReloadAssembly
Native extension for WindowsStandalone target not found
Native extension for WebGL target not found
Refreshing native plugins compatible for Editor in 2.13 ms, found 0 plugins.
Preloading 0 native plugins for Editor in 0.00 ms.
Invoked RoslynAnalysisRunner static constructor.
RoslynAnalysisRunner will not be running.
RoslynAnalysisRunner has terminated.
Mono: successfully reloaded assembly
- Completed reload, in  0.830 seconds
Platform modules already initialized, skipping
Shader 'Universal Render Pipeline/Particles/Lit': fallback shader 'Universal Render Pipeline/Particles/SimpleLit' not found
Refreshing native plugins compatible for Editor in 1.35 ms, found 0 plugins.
Preloading 0 native plugins for Editor in 0.00 ms.
Unloading 2740 Unused Serialized files (Serialized files now loaded: 0)
System memory in use before: 198.1 MB.
System memory in use after: 198.3 MB.

Unloading 26 unused Assets to reduce memory usage. Loaded Objects now: 3359.
Total: 3.436600 ms (FindLiveObjects: 0.565900 ms CreateObjectMapping: 0.105800 ms MarkObjects: 2.738000 ms  DeleteObjects: 0.026000 ms)

========================================================================
Received Prepare
Registering precompiled user dll's ...
Registered in 0.001699 seconds.
Begin MonoManager ReloadAssembly
Native extension for WindowsStandalone target not found
Native extension for WebGL target not found
Refreshing native plugins compatible for Editor in 0.88 ms, found 0 plugins.
Preloading 0 native plugins for Editor in 0.00 ms.
Invoked RoslynAnalysisRunner static constructor.
RoslynAnalysisRunner will not be running.
RoslynAnalysisRunner has terminated.
Mono: successfully reloaded assembly
- Completed reload, in  0.736 seconds
Platform modules already initialized, skipping
Shader 'Universal Render Pipeline/Particles/Lit': fallback shader 'Universal Render Pipeline/Particles/SimpleLit' not found
Refreshing native plugins compatible for Editor in 0.92 ms, found 0 plugins.
Preloading 0 native plugins for Editor in 0.00 ms.
Unloading 2740 Unused Serialized files (Serialized files now loaded: 0)
System memory in use before: 198.1 MB.
System memory in use after: 198.3 MB.

Unloading 26 unused Assets to reduce memory usage. Loaded Objects now: 3361.
Total: 2.891200 ms (FindLiveObjects: 0.300100 ms CreateObjectMapping: 0.133500 ms MarkObjects: 2.431600 ms  DeleteObjects: 0.025100 ms)

========================================================================
Received Import Request.
  Time since last request: 2466.071095 seconds.
  path: Assets/FinalSims/MENU.unity
  artifactKey: Guid(69d04311b918945458f6c6c8ad782f66) Importer(815301076,1909f56bfc062723c751e8b465ee728b)
Start importing Assets/FinalSims/MENU.unity using Guid(69d04311b918945458f6c6c8ad782f66) Importer(815301076,1909f56bfc062723c751e8b465ee728b)  -> (artifact id: 'da33d7ce5eae795968ae6ec07fb575c9') in 0.028685 seconds
  Import took 0.034397 seconds .

========================================================================
Received Prepare
Registering precompiled user dll's ...
Registered in 0.001989 seconds.
Begin MonoManager ReloadAssembly
Native extension for WindowsStandalone target not found
Native extension for WebGL target not found
Refreshing native plugins compatible for Editor in 0.93 ms, found 0 plugins.
Preloading 0 native plugins for Editor in 0.00 ms.
Invoked RoslynAnalysisRunner static constructor.
RoslynAnalysisRunner will not be running.
RoslynAnalysisRunner has terminated.
Mono: successfully reloaded assembly
- Completed reload, in  0.796 seconds
Platform modules already initialized, skipping
Shader 'Universal Render Pipeline/Particles/Lit': fallback shader 'Universal Render Pipeline/Particles/SimpleLit' not found
Refreshing native plugins compatible for Editor in 1.55 ms, found 0 plugins.
Preloading 0 native plugins for Editor in 0.00 ms.
Unloading 2740 Unused Serialized files (Serialized files now loaded: 0)
System memory in use before: 198.1 MB.
System memory in use after: 198.3 MB.

Unloading 26 unused Assets to reduce memory usage. Loaded Objects now: 3363.
Total: 3.213000 ms (FindLiveObjects: 0.364700 ms CreateObjectMapping: 0.092400 ms MarkObjects: 2.727500 ms  DeleteObjects: 0.027400 ms)

AssetImportWorkerClient::OnTransportError - code=2 error=End of file
